{
  "stats": {
    "suites": 1,
    "tests": 3,
    "passes": 3,
    "pending": 0,
    "failures": 0,
    "start": "2025-07-07T12:35:33.262Z",
    "end": "2025-07-07T12:35:38.253Z",
    "duration": 4991,
    "testsRegistered": 3,
    "passPercent": 100,
    "pendingPercent": 0,
    "other": 0,
    "hasOther": false,
    "skipped": 0,
    "hasSkipped": false
  },
  "results": [
    {
      "uuid": "a33b008c-e8ed-4a0d-ad55-e10f5c16a5f7",
      "title": "",
      "fullFile": "cypress/e2e/races.cy.ts",
      "file": "cypress/e2e/races.cy.ts",
      "beforeHooks": [],
      "afterHooks": [],
      "tests": [],
      "suites": [
        {
          "uuid": "1027a802-cb48-41a2-b9e1-503a69c60bbc",
          "title": "Races",
          "fullFile": "",
          "file": "",
          "beforeHooks": [],
          "afterHooks": [],
          "tests": [
            {
              "title": "should display a race list",
              "fullTitle": "Races should display a race list",
              "timedOut": null,
              "duration": 94,
              "state": "passed",
              "speed": "fast",
              "pass": true,
              "fail": false,
              "pending": false,
              "context": null,
              "code": "cy.visit('/races');\n// should redirect to home page as the user is not logged\ncy.location('pathname')\n    .should('eq', '/')\n    .then(\n// log the user and try again\n() => storeUserInLocalStorage());\ncy.visit('/races');\n// loading\ncy.contains('div', 'Loading');\ncy.wait('@getRaces');\ncy.get('h2').should('have.length', 2);\ncy.get('p').should('have.length', 2).and('contain', 'ago');\ncy.get('div.alert').should('not.exist');",
              "err": {},
              "uuid": "40a449f1-f47b-4783-87dc-b4ade60cb130",
              "parentUUID": "1027a802-cb48-41a2-b9e1-503a69c60bbc",
              "isHook": false,
              "skipped": false
            },
            {
              "title": "should display a loading error",
              "fullTitle": "Races should display a loading error",
              "timedOut": null,
              "duration": 551,
              "state": "passed",
              "speed": "fast",
              "pass": true,
              "fail": false,
              "pending": false,
              "context": null,
              "code": "storeUserInLocalStorage();\n// override the response to have an error\ncy.intercept('GET', 'api/races?status=PENDING', {\n    statusCode: 404,\n    delay: 500\n}).as('getRacesError');\ncy.visit('/races');\n// loading\ncy.contains('div', 'Loading');\ncy.wait('@getRacesError');\ncy.contains('div.alert', 'An error occurred while loading');",
              "err": {},
              "uuid": "0c8a8a37-daed-4149-9993-841efef63342",
              "parentUUID": "1027a802-cb48-41a2-b9e1-503a69c60bbc",
              "isHook": false,
              "skipped": false
            },
            {
              "title": "should display ponies",
              "fullTitle": "Races should display ponies",
              "timedOut": null,
              "duration": 78,
              "state": "passed",
              "speed": "fast",
              "pass": true,
              "fail": false,
              "pending": false,
              "context": null,
              "code": "storeUserInLocalStorage();\ncy.visit('/races');\ncy.wait('@getRaces');\ncy.get('figure').should('have.length', 10);\ncy.get('img').should('have.length', 10);\ncy.get('figcaption').should('have.length', 10);",
              "err": {},
              "uuid": "f3270459-c02e-4bb8-b899-204e13d5173c",
              "parentUUID": "1027a802-cb48-41a2-b9e1-503a69c60bbc",
              "isHook": false,
              "skipped": false
            }
          ],
          "suites": [],
          "passes": [
            "40a449f1-f47b-4783-87dc-b4ade60cb130",
            "0c8a8a37-daed-4149-9993-841efef63342",
            "f3270459-c02e-4bb8-b899-204e13d5173c"
          ],
          "failures": [],
          "pending": [],
          "skipped": [],
          "duration": 723,
          "root": false,
          "rootEmpty": false,
          "_timeout": 2000
        }
      ],
      "passes": [],
      "failures": [],
      "pending": [],
      "skipped": [],
      "duration": 0,
      "root": true,
      "rootEmpty": true,
      "_timeout": 2000
    }
  ],
  "meta": {
    "mocha": {
      "version": "7.0.1"
    },
    "mochawesome": {
      "options": {
        "quiet": false,
        "reportFilename": "mochawesome",
        "saveHtml": false,
        "saveJson": true,
        "consoleReporter": "spec",
        "useInlineDiffs": false,
        "code": true
      },
      "version": "7.1.3"
    },
    "marge": {
      "options": {
        "reportDir": "results/mochawesome",
        "overwrite": false,
        "html": false,
        "json": true
      },
      "version": "6.2.0"
    }
  }
}