{
  "stats": {
    "suites": 1,
    "tests": 1,
    "passes": 1,
    "pending": 0,
    "failures": 0,
    "start": "2025-07-07T17:05:00.551Z",
    "end": "2025-07-07T17:05:00.673Z",
    "duration": 122,
    "testsRegistered": 1,
    "passPercent": 100,
    "pendingPercent": 0,
    "other": 0,
    "hasOther": false,
    "skipped": 0,
    "hasSkipped": false
  },
  "results": [
    {
      "uuid": "2493cc9f-8425-4156-98a8-a1ac701f613f",
      "title": "",
      "fullFile": "cypress/e2e/score-history.cy.ts",
      "file": "cypress/e2e/score-history.cy.ts",
      "beforeHooks": [],
      "afterHooks": [],
      "tests": [],
      "suites": [
        {
          "uuid": "b1f577c1-6c8c-4faf-b930-ca7a8b904093",
          "title": "Money history",
          "fullFile": "",
          "file": "",
          "beforeHooks": [],
          "afterHooks": [],
          "tests": [
            {
              "title": "should display the score history of the user",
              "fullTitle": "Money history should display the score history of the user",
              "timedOut": null,
              "duration": 109,
              "state": "passed",
              "speed": "fast",
              "pass": true,
              "fail": false,
              "pending": false,
              "context": null,
              "code": "storeUserInLocalStorage();\ncy.visit('/score-history');\ncy.wait('@history');\ncy.get('h1').should('contain', 'Score history');\ncy.get('canvas').should('exist');",
              "err": {},
              "uuid": "68bc3474-d35a-4bcd-8385-18320876540c",
              "parentUUID": "b1f577c1-6c8c-4faf-b930-ca7a8b904093",
              "isHook": false,
              "skipped": false
            }
          ],
          "suites": [],
          "passes": [
            "68bc3474-d35a-4bcd-8385-18320876540c"
          ],
          "failures": [],
          "pending": [],
          "skipped": [],
          "duration": 109,
          "root": false,
          "rootEmpty": false,
          "_timeout": 2000
        }
      ],
      "passes": [],
      "failures": [],
      "pending": [],
      "skipped": [],
      "duration": 0,
      "root": true,
      "rootEmpty": true,
      "_timeout": 2000
    }
  ],
  "meta": {
    "mocha": {
      "version": "7.0.1"
    },
    "mochawesome": {
      "options": {
        "quiet": false,
        "reportFilename": "mochawesome",
        "saveHtml": false,
        "saveJson": true,
        "consoleReporter": "spec",
        "useInlineDiffs": false,
        "code": true
      },
      "version": "7.1.3"
    },
    "marge": {
      "options": {
        "reportDir": "results/mochawesome",
        "overwrite": false,
        "html": false,
        "json": true
      },
      "version": "6.2.0"
    }
  }
}