{
  "stats": {
    "suites": 1,
    "tests": 4,
    "passes": 4,
    "pending": 0,
    "failures": 0,
    "start": "2025-07-07T14:52:25.891Z",
    "end": "2025-07-07T14:52:31.260Z",
    "duration": 5369,
    "testsRegistered": 4,
    "passPercent": 100,
    "pendingPercent": 0,
    "other": 0,
    "hasOther": false,
    "skipped": 0,
    "hasSkipped": false
  },
  "results": [
    {
      "uuid": "973760d0-ad53-4f4f-a189-9aa490a4d453",
      "title": "",
      "fullFile": "cypress/e2e/races.cy.ts",
      "file": "cypress/e2e/races.cy.ts",
      "beforeHooks": [],
      "afterHooks": [],
      "tests": [],
      "suites": [
        {
          "uuid": "bbd7dbe0-9f8f-483b-bce2-e06b83269c5e",
          "title": "Races",
          "fullFile": "",
          "file": "",
          "beforeHooks": [],
          "afterHooks": [],
          "tests": [
            {
              "title": "should display a list of pending races by default",
              "fullTitle": "Races should display a list of pending races by default",
              "timedOut": null,
              "duration": 115,
              "state": "passed",
              "speed": "fast",
              "pass": true,
              "fail": false,
              "pending": false,
              "context": null,
              "code": "cy.visit('/races');\n// should redirect to home page as the user is not logged\ncy.location('pathname')\n    .should('eq', '/')\n    .then(\n// log the user and try again\n() => storeUserInLocalStorage());\ncy.visit('/races');\n// loading\ncy.contains('div', 'Loading');\ncy.location('pathname').should('eq', '/races/pending');\ncy.wait('@getPendingRaces');\ncy.get('h2').should('have.length', 2);\ncy.get('p').should('have.length', 2).and('contain', 'ago');\ncy.get('div.alert').should('not.exist');",
              "err": {},
              "uuid": "ed08804e-6615-4711-8470-c3b72f5526ac",
              "parentUUID": "bbd7dbe0-9f8f-483b-bce2-e06b83269c5e",
              "isHook": false,
              "skipped": false
            },
            {
              "title": "should display a loading error",
              "fullTitle": "Races should display a loading error",
              "timedOut": null,
              "duration": 553,
              "state": "passed",
              "speed": "fast",
              "pass": true,
              "fail": false,
              "pending": false,
              "context": null,
              "code": "storeUserInLocalStorage();\n// override the response to have an error\ncy.intercept('GET', 'api/races?status=PENDING', {\n    statusCode: 404,\n    delay: 500\n}).as('getRacesError');\ncy.visit('/races');\n// loading\ncy.contains('div', 'Loading');\ncy.wait('@getRacesError');\ncy.contains('div.alert', 'An error occurred while loading');",
              "err": {},
              "uuid": "b6b94e31-9f2b-4981-a5a2-7a52948861cd",
              "parentUUID": "bbd7dbe0-9f8f-483b-bce2-e06b83269c5e",
              "isHook": false,
              "skipped": false
            },
            {
              "title": "should display ponies",
              "fullTitle": "Races should display ponies",
              "timedOut": null,
              "duration": 52,
              "state": "passed",
              "speed": "fast",
              "pass": true,
              "fail": false,
              "pending": false,
              "context": null,
              "code": "storeUserInLocalStorage();\ncy.visit('/races');\ncy.wait('@getPendingRaces');\ncy.get('figure').should('have.length', 10);\ncy.get('img').should('have.length', 10);\ncy.get('figcaption').should('have.length', 10);",
              "err": {},
              "uuid": "b6d944d1-dcbf-43fd-8c3a-986d4ce83576",
              "parentUUID": "bbd7dbe0-9f8f-483b-bce2-e06b83269c5e",
              "isHook": false,
              "skipped": false
            },
            {
              "title": "should display a list of finished races in another tab",
              "fullTitle": "Races should display a list of finished races in another tab",
              "timedOut": null,
              "duration": 375,
              "state": "passed",
              "speed": "fast",
              "pass": true,
              "fail": false,
              "pending": false,
              "context": null,
              "code": "storeUserInLocalStorage();\ncy.visit('/races/pending');\ncy.wait('@getPendingRaces');\nconst pendingRacesTab = () => cy.get('.nav-tabs .nav-link').first();\nconst finishedRacesTab = () => cy.get('.nav-tabs .nav-link').eq(1);\npendingRacesTab().should('have.class', 'active').and('contain', 'Pending races');\nfinishedRacesTab().should('not.have.class', 'active').and('contain', 'Finished races');\nfinishedRacesTab().click();\ncy.location('pathname').should('eq', '/races/finished');\ncy.wait('@getFinishedRaces');\npendingRacesTab().should('not.have.class', 'active');\nfinishedRacesTab().should('have.class', 'active');\ncy.get('h2').should('have.length', 10);\ncy.get('h2').first().should('contain', 'Tokyo 0');\ncy.get('p').should('have.length', 10);\ncy.get('p').first().should('contain', 'ago');\n// when we click on the third page\ncy.get('.pagination .page').eq(2).click();\n// then the URL contains the page number\ncy.location('search').should('eq', '?page=3');\n// and the page should display the correct races\ncy.get('h2').should('have.length', 10);\ncy.get('h2').first().should('contain', 'Tokyo 20');\n// when we click on next\ncy.get('.pagination .next').click();\n// then the URL contains the next page number\ncy.location('search').should('eq', '?page=4');\n// and the page should display the correct races\ncy.get('h2').should('have.length', 10);\ncy.get('h2').first().should('contain', 'Tokyo 30');\n// when we click on previous\ncy.get('.pagination .previous').click();\n// then the URL contains the previous page number\ncy.location('search').should('eq', '?page=3');",
              "err": {},
              "uuid": "8659c8f0-29b8-416f-a447-c13784136afd",
              "parentUUID": "bbd7dbe0-9f8f-483b-bce2-e06b83269c5e",
              "isHook": false,
              "skipped": false
            }
          ],
          "suites": [],
          "passes": [
            "ed08804e-6615-4711-8470-c3b72f5526ac",
            "b6b94e31-9f2b-4981-a5a2-7a52948861cd",
            "b6d944d1-dcbf-43fd-8c3a-986d4ce83576",
            "8659c8f0-29b8-416f-a447-c13784136afd"
          ],
          "failures": [],
          "pending": [],
          "skipped": [],
          "duration": 1095,
          "root": false,
          "rootEmpty": false,
          "_timeout": 2000
        }
      ],
      "passes": [],
      "failures": [],
      "pending": [],
      "skipped": [],
      "duration": 0,
      "root": true,
      "rootEmpty": true,
      "_timeout": 2000
    }
  ],
  "meta": {
    "mocha": {
      "version": "7.0.1"
    },
    "mochawesome": {
      "options": {
        "quiet": false,
        "reportFilename": "mochawesome",
        "saveHtml": false,
        "saveJson": true,
        "consoleReporter": "spec",
        "useInlineDiffs": false,
        "code": true
      },
      "version": "7.1.3"
    },
    "marge": {
      "options": {
        "reportDir": "results/mochawesome",
        "overwrite": false,
        "html": false,
        "json": true
      },
      "version": "6.2.0"
    }
  }
}