{
  "stats": {
    "suites": 1,
    "tests": 1,
    "passes": 1,
    "pending": 0,
    "failures": 0,
    "start": "2025-07-04T19:38:48.859Z",
    "end": "2025-07-04T19:38:49.887Z",
    "duration": 1028,
    "testsRegistered": 1,
    "passPercent": 100,
    "pendingPercent": 0,
    "other": 0,
    "hasOther": false,
    "skipped": 0,
    "hasSkipped": false
  },
  "results": [
    {
      "uuid": "fbc0fe3a-4b21-436d-9e02-573daecd131e",
      "title": "",
      "fullFile": "cypress/e2e/register.cy.ts",
      "file": "cypress/e2e/register.cy.ts",
      "beforeHooks": [],
      "afterHooks": [],
      "tests": [],
      "suites": [
        {
          "uuid": "5924c466-60d4-4c8d-9df3-b9e446c6b157",
          "title": "Register",
          "fullFile": "",
          "file": "",
          "beforeHooks": [],
          "afterHooks": [],
          "tests": [
            {
              "title": "should display a register page",
              "fullTitle": "Register should display a register page",
              "timedOut": null,
              "duration": 1000,
              "state": "passed",
              "speed": "fast",
              "pass": true,
              "fail": false,
              "pending": false,
              "context": null,
              "code": "cy.visit('/register');\nconst loginInput = () => cy.get('input').first();\nconst passwordInput = () => cy.get('input[type=password]').first();\nconst birthYearInput = () => cy.get('input[type=number]');\nconst errorMessage = () => cy.get('.invalid-feedback');\ncy.get('button').should('be.visible').and('be.disabled');\nloginInput().type('c');\nloginInput().clear();\nerrorMessage().should('be.visible').and('contain', 'The login is required');\nloginInput().type('ced');\nerrorMessage().should('not.exist');\npasswordInput().type('p');\npasswordInput().clear();\nerrorMessage().should('be.visible').and('contain', 'The password is required');\npasswordInput().type('pa');\nerrorMessage().should('not.exist');\nbirthYearInput().clear();\nerrorMessage().should('be.visible').and('contain', 'The birthYear is required');\nbirthYearInput().type('1986');\nerrorMessage().should('not.exist');\ncy.get('form > button').click();\ncy.wait('@registerUser');\ncy.location('pathname').should('eq', '/');",
              "err": {},
              "uuid": "a245627e-6b63-4c51-ae19-303f48fc1b2f",
              "parentUUID": "5924c466-60d4-4c8d-9df3-b9e446c6b157",
              "isHook": false,
              "skipped": false
            }
          ],
          "suites": [],
          "passes": [
            "a245627e-6b63-4c51-ae19-303f48fc1b2f"
          ],
          "failures": [],
          "pending": [],
          "skipped": [],
          "duration": 1000,
          "root": false,
          "rootEmpty": false,
          "_timeout": 2000
        }
      ],
      "passes": [],
      "failures": [],
      "pending": [],
      "skipped": [],
      "duration": 0,
      "root": true,
      "rootEmpty": true,
      "_timeout": 2000
    }
  ],
  "meta": {
    "mocha": {
      "version": "7.0.1"
    },
    "mochawesome": {
      "options": {
        "quiet": false,
        "reportFilename": "mochawesome",
        "saveHtml": false,
        "saveJson": true,
        "consoleReporter": "spec",
        "useInlineDiffs": false,
        "code": true
      },
      "version": "7.1.3"
    },
    "marge": {
      "options": {
        "reportDir": "results/mochawesome",
        "overwrite": false,
        "html": false,
        "json": true
      },
      "version": "6.2.0"
    }
  }
}