{
  "stats": {
    "suites": 1,
    "tests": 5,
    "passes": 5,
    "pending": 0,
    "failures": 0,
    "start": "2025-07-05T17:31:09.369Z",
    "end": "2025-07-05T17:31:09.791Z",
    "duration": 422,
    "testsRegistered": 5,
    "passPercent": 100,
    "pendingPercent": 0,
    "other": 0,
    "hasOther": false,
    "skipped": 0,
    "hasSkipped": false
  },
  "results": [
    {
      "uuid": "d640930f-c89b-44fd-bbdf-6789cce6c588",
      "title": "",
      "fullFile": "cypress/e2e/home.cy.ts",
      "file": "cypress/e2e/home.cy.ts",
      "beforeHooks": [],
      "afterHooks": [],
      "tests": [],
      "suites": [
        {
          "uuid": "adf8ccc3-ee5e-4f29-811f-e25357c52298",
          "title": "Ponyracer",
          "fullFile": "",
          "file": "",
          "beforeHooks": [],
          "afterHooks": [],
          "tests": [
            {
              "title": "should display title on home page",
              "fullTitle": "Ponyracer should display title on home page",
              "timedOut": null,
              "duration": 81,
              "state": "passed",
              "speed": "fast",
              "pass": true,
              "fail": false,
              "pending": false,
              "context": null,
              "code": "cy.visit('/');\ncy.contains('h1', 'Ponyracer');\ncy.contains('small', 'Always a pleasure to bet on ponies');\ncy.get('.btn-primary').contains('Login').should('have.attr', 'href', '/login');\ncy.get('.btn-primary').contains('Register').should('have.attr', 'href', '/register');",
              "err": {},
              "uuid": "c753e2be-64f5-4c83-8fcc-6eeefcc69547",
              "parentUUID": "adf8ccc3-ee5e-4f29-811f-e25357c52298",
              "isHook": false,
              "skipped": false
            },
            {
              "title": "should display a navbar",
              "fullTitle": "Ponyracer should display a navbar",
              "timedOut": null,
              "duration": 32,
              "state": "passed",
              "speed": "fast",
              "pass": true,
              "fail": false,
              "pending": false,
              "context": null,
              "code": "cy.visit('/');\ncy.get(navbarBrand).contains('PonyRacer').should('have.attr', 'href', '/');\ncy.get(navbarLink).should('not.exist');",
              "err": {},
              "uuid": "dc9001de-607e-464a-9190-c3914e4fad49",
              "parentUUID": "adf8ccc3-ee5e-4f29-811f-e25357c52298",
              "isHook": false,
              "skipped": false
            },
            {
              "title": "should display a navbar collapsed on small screen",
              "fullTitle": "Ponyracer should display a navbar collapsed on small screen",
              "timedOut": null,
              "duration": 109,
              "state": "passed",
              "speed": "fast",
              "pass": true,
              "fail": false,
              "pending": false,
              "context": null,
              "code": "storeUserInLocalStorage();\ncy.viewport('iphone-6+');\ncy.visit('/');\ncy.contains(navbarBrand, 'PonyRacer');\ncy.get(navbarLink).should('not.be.visible');\n// toggle the navbar\ncy.get('.navbar-toggler').click();\ncy.get(navbarLink).should('be.visible');",
              "err": {},
              "uuid": "0ed038ba-051c-4ee7-94e1-7ec10a3deb67",
              "parentUUID": "adf8ccc3-ee5e-4f29-811f-e25357c52298",
              "isHook": false,
              "skipped": false
            },
            {
              "title": "should display the logged in user in navbar and a different home",
              "fullTitle": "Ponyracer should display the logged in user in navbar and a different home",
              "timedOut": null,
              "duration": 37,
              "state": "passed",
              "speed": "fast",
              "pass": true,
              "fail": false,
              "pending": false,
              "context": null,
              "code": "storeUserInLocalStorage();\ncy.visit('/');\ncy.get(navbarLink).contains('Races').should('have.attr', 'href', '/races');\ncy.get('#current-user').should('contain', 'cedric').and('contain', '1000');\ncy.get('.btn-primary').contains('Races').should('have.attr', 'href', '/races');",
              "err": {},
              "uuid": "22a322f1-7ef1-4afc-8f23-d13644814426",
              "parentUUID": "adf8ccc3-ee5e-4f29-811f-e25357c52298",
              "isHook": false,
              "skipped": false
            },
            {
              "title": "should log out the user",
              "fullTitle": "Ponyracer should log out the user",
              "timedOut": null,
              "duration": 125,
              "state": "passed",
              "speed": "fast",
              "pass": true,
              "fail": false,
              "pending": false,
              "context": null,
              "code": "storeUserInLocalStorage();\ncy.visit('/races');\ncy.wait('@getRaces');\n// user stored should be displayed\ncy.get('#current-user').should('contain', 'cedric').and('contain', '1000');\n// logout\ncy.get('span.fa.fa-power-off').click();\n// should be redirected to home page\ncy.location('pathname')\n    .should('eq', '/')\n    // and localStorage should be clean\n    .and(() => expect(localStorage.getItem('rememberMe')).to.eq(null));\ncy.get(navbarLink).should('not.exist');\n// user is not displayed in navbar\ncy.get('#current-user').should('not.exist');\n// and home page offers the login link\ncy.get('.btn-primary').contains('Login').should('have.attr', 'href', '/login');",
              "err": {},
              "uuid": "9ae5c571-6ad1-4c85-a3a3-4a97736cf226",
              "parentUUID": "adf8ccc3-ee5e-4f29-811f-e25357c52298",
              "isHook": false,
              "skipped": false
            }
          ],
          "suites": [],
          "passes": [
            "c753e2be-64f5-4c83-8fcc-6eeefcc69547",
            "dc9001de-607e-464a-9190-c3914e4fad49",
            "0ed038ba-051c-4ee7-94e1-7ec10a3deb67",
            "22a322f1-7ef1-4afc-8f23-d13644814426",
            "9ae5c571-6ad1-4c85-a3a3-4a97736cf226"
          ],
          "failures": [],
          "pending": [],
          "skipped": [],
          "duration": 384,
          "root": false,
          "rootEmpty": false,
          "_timeout": 2000
        }
      ],
      "passes": [],
      "failures": [],
      "pending": [],
      "skipped": [],
      "duration": 0,
      "root": true,
      "rootEmpty": true,
      "_timeout": 2000
    }
  ],
  "meta": {
    "mocha": {
      "version": "7.0.1"
    },
    "mochawesome": {
      "options": {
        "quiet": false,
        "reportFilename": "mochawesome",
        "saveHtml": false,
        "saveJson": true,
        "consoleReporter": "spec",
        "useInlineDiffs": false,
        "code": true
      },
      "version": "7.1.3"
    },
    "marge": {
      "options": {
        "reportDir": "results/mochawesome",
        "overwrite": false,
        "html": false,
        "json": true
      },
      "version": "6.2.0"
    }
  }
}