{
  "stats": {
    "suites": 1,
    "tests": 6,
    "passes": 6,
    "pending": 0,
    "failures": 0,
    "start": "2025-07-06T14:57:44.095Z",
    "end": "2025-07-06T14:57:45.144Z",
    "duration": 1049,
    "testsRegistered": 6,
    "passPercent": 100,
    "pendingPercent": 0,
    "other": 0,
    "hasOther": false,
    "skipped": 0,
    "hasSkipped": false
  },
  "results": [
    {
      "uuid": "b95f1bb4-f2b4-4cb9-ae58-dd2ec3dc982a",
      "title": "",
      "fullFile": "cypress/e2e/home.cy.ts",
      "file": "cypress/e2e/home.cy.ts",
      "beforeHooks": [],
      "afterHooks": [],
      "tests": [],
      "suites": [
        {
          "uuid": "e907b3b1-4364-4020-b570-cdd8c23894c1",
          "title": "Ponyracer",
          "fullFile": "",
          "file": "",
          "beforeHooks": [],
          "afterHooks": [],
          "tests": [
            {
              "title": "should display title on home page",
              "fullTitle": "Ponyracer should display title on home page",
              "timedOut": null,
              "duration": 66,
              "state": "passed",
              "speed": "fast",
              "pass": true,
              "fail": false,
              "pending": false,
              "context": null,
              "code": "cy.visit('/');\ncy.contains('h1', 'Ponyracer');\ncy.contains('small', 'Always a pleasure to bet on ponies');\ncy.get('.btn-primary').contains('Login').should('have.attr', 'href', '/login');\ncy.get('.btn-primary').contains('Register').should('have.attr', 'href', '/register');",
              "err": {},
              "uuid": "a1f0c015-4156-482b-8312-9d11a1da274b",
              "parentUUID": "e907b3b1-4364-4020-b570-cdd8c23894c1",
              "isHook": false,
              "skipped": false
            },
            {
              "title": "should display a navbar",
              "fullTitle": "Ponyracer should display a navbar",
              "timedOut": null,
              "duration": 33,
              "state": "passed",
              "speed": "fast",
              "pass": true,
              "fail": false,
              "pending": false,
              "context": null,
              "code": "cy.visit('/');\ncy.get(navbarBrand).contains('PonyRacer').should('have.attr', 'href', '/');\ncy.get(navbarLink).should('not.exist');",
              "err": {},
              "uuid": "67b1c2b1-137e-47ac-bf30-944d95664b28",
              "parentUUID": "e907b3b1-4364-4020-b570-cdd8c23894c1",
              "isHook": false,
              "skipped": false
            },
            {
              "title": "should display a navbar collapsed on small screen",
              "fullTitle": "Ponyracer should display a navbar collapsed on small screen",
              "timedOut": null,
              "duration": 114,
              "state": "passed",
              "speed": "fast",
              "pass": true,
              "fail": false,
              "pending": false,
              "context": null,
              "code": "storeUserInLocalStorage();\ncy.viewport('iphone-6+');\ncy.visit('/');\ncy.contains(navbarBrand, 'PonyRacer');\ncy.get(navbarLink).should('not.be.visible');\n// toggle the navbar\ncy.get('.navbar-toggler').click();\ncy.get(navbarLink).should('be.visible');",
              "err": {},
              "uuid": "157d0d8e-d87a-41b6-89ee-9b110f24afdb",
              "parentUUID": "e907b3b1-4364-4020-b570-cdd8c23894c1",
              "isHook": false,
              "skipped": false
            },
            {
              "title": "should display the logged in user in navbar and a different home",
              "fullTitle": "Ponyracer should display the logged in user in navbar and a different home",
              "timedOut": null,
              "duration": 34,
              "state": "passed",
              "speed": "fast",
              "pass": true,
              "fail": false,
              "pending": false,
              "context": null,
              "code": "storeUserInLocalStorage();\ncy.visit('/');\ncy.get(navbarLink).contains('Races').should('have.attr', 'href', '/races');\ncy.get('#current-user').should('contain', 'cedric').and('contain', '1000');\ncy.get('.btn-primary').contains('Races').should('have.attr', 'href', '/races');",
              "err": {},
              "uuid": "61ceb460-e211-442c-8dac-cc60506d3095",
              "parentUUID": "e907b3b1-4364-4020-b570-cdd8c23894c1",
              "isHook": false,
              "skipped": false
            },
            {
              "title": "should log out the user",
              "fullTitle": "Ponyracer should log out the user",
              "timedOut": null,
              "duration": 128,
              "state": "passed",
              "speed": "fast",
              "pass": true,
              "fail": false,
              "pending": false,
              "context": null,
              "code": "storeUserInLocalStorage();\ncy.visit('/races');\ncy.wait('@getRaces');\n// user stored should be displayed\ncy.get('#current-user').should('contain', 'cedric').and('contain', '1000');\n// logout\ncy.get('span.fa.fa-power-off').click();\n// should be redirected to home page\ncy.location('pathname')\n    .should('eq', '/')\n    // and localStorage should be clean\n    .and(() => expect(localStorage.getItem('rememberMe')).to.eq(null));\ncy.get(navbarLink).should('not.exist');\n// user is not displayed in navbar\ncy.get('#current-user').should('not.exist');\n// and home page offers the login link\ncy.get('.btn-primary').contains('Login').should('have.attr', 'href', '/login');",
              "err": {},
              "uuid": "8b57abdb-1ad4-49cd-a6ea-9b185c444d87",
              "parentUUID": "e907b3b1-4364-4020-b570-cdd8c23894c1",
              "isHook": false,
              "skipped": false
            },
            {
              "title": "should animate the transition when the user logs out",
              "fullTitle": "Ponyracer should animate the transition when the user logs out",
              "timedOut": null,
              "duration": 605,
              "state": "passed",
              "speed": "fast",
              "pass": true,
              "fail": false,
              "pending": false,
              "context": null,
              "code": "storeUserInLocalStorage();\ncy.visit('/');\n// user stored should be displayed\ncy.get('#current-user').should('contain', 'cedric').and('contain', '1000');\n// logout\ncy.get('span.fa.fa-power-off').click();\n// beginning of the transition\ncy.contains('Races').parent().should('have.class', 'fade-leave-active');\n// end of the transition\ncy.contains('Login').parent().should('have.class', 'fade-enter-active');\n// should still be on the home page\ncy.location('pathname')\n    .should('eq', '/')\n    // and localStorage should be clean\n    .and(() => expect(localStorage.getItem('rememberMe')).to.eq(null));\ncy.get(navbarLink).should('not.exist');\n// user is not displayed in navbar\ncy.get('#current-user').should('not.exist');",
              "err": {},
              "uuid": "0082fc8d-4e42-4d03-9340-f00017d648e8",
              "parentUUID": "e907b3b1-4364-4020-b570-cdd8c23894c1",
              "isHook": false,
              "skipped": false
            }
          ],
          "suites": [],
          "passes": [
            "a1f0c015-4156-482b-8312-9d11a1da274b",
            "67b1c2b1-137e-47ac-bf30-944d95664b28",
            "157d0d8e-d87a-41b6-89ee-9b110f24afdb",
            "61ceb460-e211-442c-8dac-cc60506d3095",
            "8b57abdb-1ad4-49cd-a6ea-9b185c444d87",
            "0082fc8d-4e42-4d03-9340-f00017d648e8"
          ],
          "failures": [],
          "pending": [],
          "skipped": [],
          "duration": 980,
          "root": false,
          "rootEmpty": false,
          "_timeout": 2000
        }
      ],
      "passes": [],
      "failures": [],
      "pending": [],
      "skipped": [],
      "duration": 0,
      "root": true,
      "rootEmpty": true,
      "_timeout": 2000
    }
  ],
  "meta": {
    "mocha": {
      "version": "7.0.1"
    },
    "mochawesome": {
      "options": {
        "quiet": false,
        "reportFilename": "mochawesome",
        "saveHtml": false,
        "saveJson": true,
        "consoleReporter": "spec",
        "useInlineDiffs": false,
        "code": true
      },
      "version": "7.1.3"
    },
    "marge": {
      "options": {
        "reportDir": "results/mochawesome",
        "overwrite": false,
        "html": false,
        "json": true
      },
      "version": "6.2.0"
    }
  }
}