{
  "stats": {
    "suites": 1,
    "tests": 2,
    "passes": 2,
    "pending": 0,
    "failures": 0,
    "start": "2025-07-07T12:35:31.484Z",
    "end": "2025-07-07T12:35:32.714Z",
    "duration": 1230,
    "testsRegistered": 2,
    "passPercent": 100,
    "pendingPercent": 0,
    "other": 0,
    "hasOther": false,
    "skipped": 0,
    "hasSkipped": false
  },
  "results": [
    {
      "uuid": "2a5da8c7-3309-42b7-a2e4-f1345d32b25d",
      "title": "",
      "fullFile": "cypress/e2e/login.cy.ts",
      "file": "cypress/e2e/login.cy.ts",
      "beforeHooks": [],
      "afterHooks": [],
      "tests": [],
      "suites": [
        {
          "uuid": "aaceff7f-d7a0-4293-9031-aed7d9ad2c2b",
          "title": "Login",
          "fullFile": "",
          "file": "",
          "beforeHooks": [],
          "afterHooks": [],
          "tests": [
            {
              "title": "should display a login page",
              "fullTitle": "Login should display a login page",
              "timedOut": null,
              "duration": 755,
              "state": "passed",
              "speed": "fast",
              "pass": true,
              "fail": false,
              "pending": false,
              "context": null,
              "code": "cy.visit('/login');\ncy.get('button').should('be.visible').and('be.disabled');\nloginInput().type('c');\nloginInput().clear();\nerrorMessage().should('be.visible').and('contain', 'The login is required');\nloginInput().type('ced');\nerrorMessage().should('not.exist');\npasswordInput().type('p');\npasswordInput().clear();\nerrorMessage().should('be.visible').and('contain', 'The password is required');\npasswordInput().type('pa');\nerrorMessage().should('not.exist');\nsubmitButton().click();\ncy.wait('@authenticateUser');\ncy.location('pathname').should('eq', '/');",
              "err": {},
              "uuid": "1f2ff507-cf3d-4529-827f-2b658f558f8a",
              "parentUUID": "aaceff7f-d7a0-4293-9031-aed7d9ad2c2b",
              "isHook": false,
              "skipped": false
            },
            {
              "title": "should display an alert and shake the button if login fails",
              "fullTitle": "Login should display an alert and shake the button if login fails",
              "timedOut": null,
              "duration": 426,
              "state": "passed",
              "speed": "fast",
              "pass": true,
              "fail": false,
              "pending": false,
              "context": null,
              "code": "cy.visit('/login');\ncy.intercept('POST', 'api/users/authentication', {\n    statusCode: 404\n}).as('failedAuthenticateUser');\nloginInput().type('ced');\npasswordInput().type('pa');\nsubmitButton().should('not.have.class', 'shake');\nsubmitButton().click();\ncy.wait('@failedAuthenticateUser');\ncy.location('pathname').should('eq', '/login');\ncy.get('.alert-danger').should('contain', 'Nope, try again');\nsubmitButton().should('have.class', 'shake');",
              "err": {},
              "uuid": "99250055-f35f-428c-9d29-c82393b54557",
              "parentUUID": "aaceff7f-d7a0-4293-9031-aed7d9ad2c2b",
              "isHook": false,
              "skipped": false
            }
          ],
          "suites": [],
          "passes": [
            "1f2ff507-cf3d-4529-827f-2b658f558f8a",
            "99250055-f35f-428c-9d29-c82393b54557"
          ],
          "failures": [],
          "pending": [],
          "skipped": [],
          "duration": 1181,
          "root": false,
          "rootEmpty": false,
          "_timeout": 2000
        }
      ],
      "passes": [],
      "failures": [],
      "pending": [],
      "skipped": [],
      "duration": 0,
      "root": true,
      "rootEmpty": true,
      "_timeout": 2000
    }
  ],
  "meta": {
    "mocha": {
      "version": "7.0.1"
    },
    "mochawesome": {
      "options": {
        "quiet": false,
        "reportFilename": "mochawesome",
        "saveHtml": false,
        "saveJson": true,
        "consoleReporter": "spec",
        "useInlineDiffs": false,
        "code": true
      },
      "version": "7.1.3"
    },
    "marge": {
      "options": {
        "reportDir": "results/mochawesome",
        "overwrite": false,
        "html": false,
        "json": true
      },
      "version": "6.2.0"
    }
  }
}