{
  "stats": {
    "suites": 1,
    "tests": 6,
    "passes": 6,
    "pending": 0,
    "failures": 0,
    "start": "2025-06-11T20:02:25.357Z",
    "end": "2025-06-11T20:02:25.763Z",
    "duration": 406,
    "testsRegistered": 6,
    "passPercent": 100,
    "pendingPercent": 0,
    "other": 0,
    "hasOther": false,
    "skipped": 0,
    "hasSkipped": false
  },
  "results": [
    {
      "uuid": "9c900757-1edd-4c11-9e8c-1ed71c73cc72",
      "title": "",
      "fullFile": "cypress/e2e/home.cy.ts",
      "file": "cypress/e2e/home.cy.ts",
      "beforeHooks": [],
      "afterHooks": [],
      "tests": [],
      "suites": [
        {
          "uuid": "f16d54c3-9973-41e2-bd6d-e2397bc6515c",
          "title": "Ponyracer",
          "fullFile": "",
          "file": "",
          "beforeHooks": [],
          "afterHooks": [],
          "tests": [
            {
              "title": "should display title on home page",
              "fullTitle": "Ponyracer should display title on home page",
              "timedOut": null,
              "duration": 72,
              "state": "passed",
              "speed": "fast",
              "pass": true,
              "fail": false,
              "pending": false,
              "context": null,
              "code": "cy.visit('/');\ncy.contains('h1', 'Ponyracer');",
              "err": {},
              "uuid": "222d12f5-8bd1-4f10-866b-c9730c79d0b8",
              "parentUUID": "f16d54c3-9973-41e2-bd6d-e2397bc6515c",
              "isHook": false,
              "skipped": false
            },
            {
              "title": "should display a navbar",
              "fullTitle": "Ponyracer should display a navbar",
              "timedOut": null,
              "duration": 29,
              "state": "passed",
              "speed": "fast",
              "pass": true,
              "fail": false,
              "pending": false,
              "context": null,
              "code": "cy.visit('/');\ncy.contains(navbarBrand, 'PonyRacer');\ncy.contains(navbarLink, 'Races');",
              "err": {},
              "uuid": "fc5f2783-602e-441b-92bb-31a07f8b6084",
              "parentUUID": "f16d54c3-9973-41e2-bd6d-e2397bc6515c",
              "isHook": false,
              "skipped": false
            },
            {
              "title": "should display a navbar collapsed on small screen",
              "fullTitle": "Ponyracer should display a navbar collapsed on small screen",
              "timedOut": null,
              "duration": 115,
              "state": "passed",
              "speed": "fast",
              "pass": true,
              "fail": false,
              "pending": false,
              "context": null,
              "code": "cy.viewport('iphone-6+');\ncy.visit('/');\ncy.contains(navbarBrand, 'PonyRacer');\ncy.get(navbarLink).should('not.be.visible');\n// toggle the navbar\ncy.get('.navbar-toggler').click();\ncy.get(navbarLink).should('be.visible');",
              "err": {},
              "uuid": "7977fc00-2938-4f6b-8aca-ba83efb5baa7",
              "parentUUID": "f16d54c3-9973-41e2-bd6d-e2397bc6515c",
              "isHook": false,
              "skipped": false
            },
            {
              "title": "should display a race list",
              "fullTitle": "Ponyracer should display a race list",
              "timedOut": null,
              "duration": 49,
              "state": "passed",
              "speed": "fast",
              "pass": true,
              "fail": false,
              "pending": false,
              "context": null,
              "code": "cy.visit('/');\ncy.wait('@getRaces');\ncy.get('h2').should('have.length', 2);\ncy.get('p').should('have.length', 2).and('contain', 'ago');\ncy.get('div.alert').should('not.exist');",
              "err": {},
              "uuid": "848b36b2-352c-4d96-b7c8-c1285065f473",
              "parentUUID": "f16d54c3-9973-41e2-bd6d-e2397bc6515c",
              "isHook": false,
              "skipped": false
            },
            {
              "title": "should display a loading error",
              "fullTitle": "Ponyracer should display a loading error",
              "timedOut": null,
              "duration": 42,
              "state": "passed",
              "speed": "fast",
              "pass": true,
              "fail": false,
              "pending": false,
              "context": null,
              "code": "// override the response to have an error\ncy.intercept('GET', 'api/races?status=PENDING', {\n    statusCode: 404\n}).as('getRacesError');\ncy.visit('/');\ncy.wait('@getRacesError');\ncy.contains('div.alert', 'An error occurred while loading');",
              "err": {},
              "uuid": "f07a73ea-07c9-41e9-bd06-68316bc1210f",
              "parentUUID": "f16d54c3-9973-41e2-bd6d-e2397bc6515c",
              "isHook": false,
              "skipped": false
            },
            {
              "title": "should display ponies",
              "fullTitle": "Ponyracer should display ponies",
              "timedOut": null,
              "duration": 51,
              "state": "passed",
              "speed": "fast",
              "pass": true,
              "fail": false,
              "pending": false,
              "context": null,
              "code": "cy.visit('/');\ncy.wait('@getRaces');\ncy.get('figure').should('have.length', 10);\ncy.get('img').should('have.length', 10);\ncy.get('figcaption').should('have.length', 10);",
              "err": {},
              "uuid": "f98a1de4-85c7-4428-9186-a0985fb082d8",
              "parentUUID": "f16d54c3-9973-41e2-bd6d-e2397bc6515c",
              "isHook": false,
              "skipped": false
            }
          ],
          "suites": [],
          "passes": [
            "222d12f5-8bd1-4f10-866b-c9730c79d0b8",
            "fc5f2783-602e-441b-92bb-31a07f8b6084",
            "7977fc00-2938-4f6b-8aca-ba83efb5baa7",
            "848b36b2-352c-4d96-b7c8-c1285065f473",
            "f07a73ea-07c9-41e9-bd06-68316bc1210f",
            "f98a1de4-85c7-4428-9186-a0985fb082d8"
          ],
          "failures": [],
          "pending": [],
          "skipped": [],
          "duration": 358,
          "root": false,
          "rootEmpty": false,
          "_timeout": 2000
        }
      ],
      "passes": [],
      "failures": [],
      "pending": [],
      "skipped": [],
      "duration": 0,
      "root": true,
      "rootEmpty": true,
      "_timeout": 2000
    }
  ],
  "meta": {
    "mocha": {
      "version": "7.0.1"
    },
    "mochawesome": {
      "options": {
        "quiet": false,
        "reportFilename": "mochawesome",
        "saveHtml": false,
        "saveJson": true,
        "consoleReporter": "spec",
        "useInlineDiffs": false,
        "code": true
      },
      "version": "7.1.3"
    },
    "marge": {
      "options": {
        "reportDir": "results/mochawesome",
        "overwrite": false,
        "html": false,
        "json": true
      },
      "version": "6.2.0"
    }
  }
}