{
  "stats": {
    "suites": 1,
    "tests": 3,
    "passes": 3,
    "pending": 0,
    "failures": 0,
    "start": "2025-07-05T16:13:24.371Z",
    "end": "2025-07-05T16:13:25.089Z",
    "duration": 718,
    "testsRegistered": 3,
    "passPercent": 100,
    "pendingPercent": 0,
    "other": 0,
    "hasOther": false,
    "skipped": 0,
    "hasSkipped": false
  },
  "results": [
    {
      "uuid": "ccdee987-cdd6-48b0-9d5b-2363ea4396e6",
      "title": "",
      "fullFile": "cypress/e2e/races.cy.ts",
      "file": "cypress/e2e/races.cy.ts",
      "beforeHooks": [],
      "afterHooks": [],
      "tests": [],
      "suites": [
        {
          "uuid": "0ac83d79-6bd1-469e-84dd-ca94ac368d9e",
          "title": "Races",
          "fullFile": "",
          "file": "",
          "beforeHooks": [],
          "afterHooks": [],
          "tests": [
            {
              "title": "should display a race list",
              "fullTitle": "Races should display a race list",
              "timedOut": null,
              "duration": 77,
              "state": "passed",
              "speed": "fast",
              "pass": true,
              "fail": false,
              "pending": false,
              "context": null,
              "code": "cy.visit('/races');\n// loading\ncy.contains('div', 'Loading');\ncy.wait('@getRaces');\ncy.get('h2').should('have.length', 2);\ncy.get('p').should('have.length', 2).and('contain', 'ago');\ncy.get('div.alert').should('not.exist');",
              "err": {},
              "uuid": "d5cc253e-826c-4aeb-b6bb-04ebda94d894",
              "parentUUID": "0ac83d79-6bd1-469e-84dd-ca94ac368d9e",
              "isHook": false,
              "skipped": false
            },
            {
              "title": "should display a loading error",
              "fullTitle": "Races should display a loading error",
              "timedOut": null,
              "duration": 548,
              "state": "passed",
              "speed": "fast",
              "pass": true,
              "fail": false,
              "pending": false,
              "context": null,
              "code": "// override the response to have an error\ncy.intercept('GET', 'api/races?status=PENDING', {\n    statusCode: 404,\n    delay: 500\n}).as('getRacesError');\ncy.visit('/races');\n// loading\ncy.contains('div', 'Loading');\ncy.wait('@getRacesError');\ncy.contains('div.alert', 'An error occurred while loading');",
              "err": {},
              "uuid": "47127815-d1b2-4ab7-b023-590be0487560",
              "parentUUID": "0ac83d79-6bd1-469e-84dd-ca94ac368d9e",
              "isHook": false,
              "skipped": false
            },
            {
              "title": "should display ponies",
              "fullTitle": "Races should display ponies",
              "timedOut": null,
              "duration": 60,
              "state": "passed",
              "speed": "fast",
              "pass": true,
              "fail": false,
              "pending": false,
              "context": null,
              "code": "cy.visit('/races');\ncy.wait('@getRaces');\ncy.get('figure').should('have.length', 10);\ncy.get('img').should('have.length', 10);\ncy.get('figcaption').should('have.length', 10);",
              "err": {},
              "uuid": "b534bdbc-fa5c-42f8-a4ac-ede6c851ed99",
              "parentUUID": "0ac83d79-6bd1-469e-84dd-ca94ac368d9e",
              "isHook": false,
              "skipped": false
            }
          ],
          "suites": [],
          "passes": [
            "d5cc253e-826c-4aeb-b6bb-04ebda94d894",
            "47127815-d1b2-4ab7-b023-590be0487560",
            "b534bdbc-fa5c-42f8-a4ac-ede6c851ed99"
          ],
          "failures": [],
          "pending": [],
          "skipped": [],
          "duration": 685,
          "root": false,
          "rootEmpty": false,
          "_timeout": 2000
        }
      ],
      "passes": [],
      "failures": [],
      "pending": [],
      "skipped": [],
      "duration": 0,
      "root": true,
      "rootEmpty": true,
      "_timeout": 2000
    }
  ],
  "meta": {
    "mocha": {
      "version": "7.0.1"
    },
    "mochawesome": {
      "options": {
        "quiet": false,
        "reportFilename": "mochawesome",
        "saveHtml": false,
        "saveJson": true,
        "consoleReporter": "spec",
        "useInlineDiffs": false,
        "code": true
      },
      "version": "7.1.3"
    },
    "marge": {
      "options": {
        "reportDir": "results/mochawesome",
        "overwrite": false,
        "html": false,
        "json": true
      },
      "version": "6.2.0"
    }
  }
}