{
  "stats": {
    "suites": 1,
    "tests": 6,
    "passes": 6,
    "pending": 0,
    "failures": 0,
    "start": "2025-07-06T15:37:46.291Z",
    "end": "2025-07-06T15:37:47.315Z",
    "duration": 1024,
    "testsRegistered": 6,
    "passPercent": 100,
    "pendingPercent": 0,
    "other": 0,
    "hasOther": false,
    "skipped": 0,
    "hasSkipped": false
  },
  "results": [
    {
      "uuid": "befc4805-a297-440c-bc24-aa25b56cded5",
      "title": "",
      "fullFile": "cypress/e2e/home.cy.ts",
      "file": "cypress/e2e/home.cy.ts",
      "beforeHooks": [],
      "afterHooks": [],
      "tests": [],
      "suites": [
        {
          "uuid": "2c686298-871c-429c-a340-7c542fc77a38",
          "title": "Ponyracer",
          "fullFile": "",
          "file": "",
          "beforeHooks": [],
          "afterHooks": [],
          "tests": [
            {
              "title": "should display title on home page",
              "fullTitle": "Ponyracer should display title on home page",
              "timedOut": null,
              "duration": 63,
              "state": "passed",
              "speed": "fast",
              "pass": true,
              "fail": false,
              "pending": false,
              "context": null,
              "code": "cy.visit('/');\ncy.contains('h1', 'Ponyracer');\ncy.contains('small', 'Always a pleasure to bet on ponies');\ncy.get('.btn-primary').contains('Login').should('have.attr', 'href', '/login');\ncy.get('.btn-primary').contains('Register').should('have.attr', 'href', '/register');",
              "err": {},
              "uuid": "8ccff3cc-eafd-462f-858b-5cb23d63bc18",
              "parentUUID": "2c686298-871c-429c-a340-7c542fc77a38",
              "isHook": false,
              "skipped": false
            },
            {
              "title": "should display a navbar",
              "fullTitle": "Ponyracer should display a navbar",
              "timedOut": null,
              "duration": 33,
              "state": "passed",
              "speed": "fast",
              "pass": true,
              "fail": false,
              "pending": false,
              "context": null,
              "code": "cy.visit('/');\ncy.get(navbarBrand).contains('PonyRacer').should('have.attr', 'href', '/');\ncy.get(navbarLink).should('not.exist');",
              "err": {},
              "uuid": "76087660-de84-4011-a6e6-9925a443209e",
              "parentUUID": "2c686298-871c-429c-a340-7c542fc77a38",
              "isHook": false,
              "skipped": false
            },
            {
              "title": "should display a navbar collapsed on small screen",
              "fullTitle": "Ponyracer should display a navbar collapsed on small screen",
              "timedOut": null,
              "duration": 109,
              "state": "passed",
              "speed": "fast",
              "pass": true,
              "fail": false,
              "pending": false,
              "context": null,
              "code": "storeUserInLocalStorage();\ncy.viewport('iphone-6+');\ncy.visit('/');\ncy.contains(navbarBrand, 'PonyRacer');\ncy.get(navbarLink).should('not.be.visible');\n// toggle the navbar\ncy.get('.navbar-toggler').click();\ncy.get(navbarLink).should('be.visible');",
              "err": {},
              "uuid": "d1f88603-cfe4-4403-b025-8471617242a6",
              "parentUUID": "2c686298-871c-429c-a340-7c542fc77a38",
              "isHook": false,
              "skipped": false
            },
            {
              "title": "should display the logged in user in navbar and a different home",
              "fullTitle": "Ponyracer should display the logged in user in navbar and a different home",
              "timedOut": null,
              "duration": 35,
              "state": "passed",
              "speed": "fast",
              "pass": true,
              "fail": false,
              "pending": false,
              "context": null,
              "code": "storeUserInLocalStorage();\ncy.visit('/');\ncy.get(navbarLink).contains('Races').should('have.attr', 'href', '/races');\ncy.get('#current-user').should('contain', 'cedric').and('contain', '1000');\ncy.get('.btn-primary').contains('Races').should('have.attr', 'href', '/races');",
              "err": {},
              "uuid": "21af37c8-5beb-400c-a41f-880dcf4ddc6d",
              "parentUUID": "2c686298-871c-429c-a340-7c542fc77a38",
              "isHook": false,
              "skipped": false
            },
            {
              "title": "should log out the user",
              "fullTitle": "Ponyracer should log out the user",
              "timedOut": null,
              "duration": 128,
              "state": "passed",
              "speed": "fast",
              "pass": true,
              "fail": false,
              "pending": false,
              "context": null,
              "code": "storeUserInLocalStorage();\ncy.visit('/races');\ncy.wait('@getRaces');\n// user stored should be displayed\ncy.get('#current-user').should('contain', 'cedric').and('contain', '1000');\n// logout\ncy.get('span.fa.fa-power-off').click();\n// should be redirected to home page\ncy.location('pathname')\n    .should('eq', '/')\n    // and localStorage should be clean\n    .and(() => expect(localStorage.getItem('rememberMe')).to.eq(null));\ncy.get(navbarLink).should('not.exist');\n// user is not displayed in navbar\ncy.get('#current-user').should('not.exist');\n// and home page offers the login link\ncy.get('.btn-primary').contains('Login').should('have.attr', 'href', '/login');",
              "err": {},
              "uuid": "66cb0ace-5f7a-4251-80c0-4ddb44eb1316",
              "parentUUID": "2c686298-871c-429c-a340-7c542fc77a38",
              "isHook": false,
              "skipped": false
            },
            {
              "title": "should animate the transition when the user logs out",
              "fullTitle": "Ponyracer should animate the transition when the user logs out",
              "timedOut": null,
              "duration": 587,
              "state": "passed",
              "speed": "fast",
              "pass": true,
              "fail": false,
              "pending": false,
              "context": null,
              "code": "storeUserInLocalStorage();\ncy.visit('/');\n// user stored should be displayed\ncy.get('#current-user').should('contain', 'cedric').and('contain', '1000');\n// logout\ncy.get('span.fa.fa-power-off').click();\n// beginning of the transition\ncy.contains('Races').parent().should('have.class', 'fade-leave-active');\n// end of the transition\ncy.contains('Login').parent().should('have.class', 'fade-enter-active');\n// should still be on the home page\ncy.location('pathname')\n    .should('eq', '/')\n    // and localStorage should be clean\n    .and(() => expect(localStorage.getItem('rememberMe')).to.eq(null));\ncy.get(navbarLink).should('not.exist');\n// user is not displayed in navbar\ncy.get('#current-user').should('not.exist');",
              "err": {},
              "uuid": "c29401cf-bcdd-4c8f-b8e1-f4fa918bb151",
              "parentUUID": "2c686298-871c-429c-a340-7c542fc77a38",
              "isHook": false,
              "skipped": false
            }
          ],
          "suites": [],
          "passes": [
            "8ccff3cc-eafd-462f-858b-5cb23d63bc18",
            "76087660-de84-4011-a6e6-9925a443209e",
            "d1f88603-cfe4-4403-b025-8471617242a6",
            "21af37c8-5beb-400c-a41f-880dcf4ddc6d",
            "66cb0ace-5f7a-4251-80c0-4ddb44eb1316",
            "c29401cf-bcdd-4c8f-b8e1-f4fa918bb151"
          ],
          "failures": [],
          "pending": [],
          "skipped": [],
          "duration": 955,
          "root": false,
          "rootEmpty": false,
          "_timeout": 2000
        }
      ],
      "passes": [],
      "failures": [],
      "pending": [],
      "skipped": [],
      "duration": 0,
      "root": true,
      "rootEmpty": true,
      "_timeout": 2000
    }
  ],
  "meta": {
    "mocha": {
      "version": "7.0.1"
    },
    "mochawesome": {
      "options": {
        "quiet": false,
        "reportFilename": "mochawesome",
        "saveHtml": false,
        "saveJson": true,
        "consoleReporter": "spec",
        "useInlineDiffs": false,
        "code": true
      },
      "version": "7.1.3"
    },
    "marge": {
      "options": {
        "reportDir": "results/mochawesome",
        "overwrite": false,
        "html": false,
        "json": true
      },
      "version": "6.2.0"
    }
  }
}