{
  "stats": {
    "suites": 1,
    "tests": 6,
    "passes": 6,
    "pending": 0,
    "failures": 0,
    "start": "2025-07-07T17:04:49.683Z",
    "end": "2025-07-07T17:04:50.754Z",
    "duration": 1071,
    "testsRegistered": 6,
    "passPercent": 100,
    "pendingPercent": 0,
    "other": 0,
    "hasOther": false,
    "skipped": 0,
    "hasSkipped": false
  },
  "results": [
    {
      "uuid": "23dfdc82-c4db-4d8f-8711-fde188f6b54d",
      "title": "",
      "fullFile": "cypress/e2e/home.cy.ts",
      "file": "cypress/e2e/home.cy.ts",
      "beforeHooks": [],
      "afterHooks": [],
      "tests": [],
      "suites": [
        {
          "uuid": "371be840-97d2-44e7-b1af-559af9421ad2",
          "title": "Ponyracer",
          "fullFile": "",
          "file": "",
          "beforeHooks": [],
          "afterHooks": [],
          "tests": [
            {
              "title": "should display title on home page",
              "fullTitle": "Ponyracer should display title on home page",
              "timedOut": null,
              "duration": 74,
              "state": "passed",
              "speed": "fast",
              "pass": true,
              "fail": false,
              "pending": false,
              "context": null,
              "code": "cy.visit('/');\ncy.contains('h1', 'Ponyracer');\ncy.contains('small', 'Always a pleasure to bet on ponies');\ncy.get('.btn-primary').contains('Login').should('have.attr', 'href', '/login');\ncy.get('.btn-primary').contains('Register').should('have.attr', 'href', '/register');",
              "err": {},
              "uuid": "cb70f78d-9f11-4bf7-9f06-54ae88654f96",
              "parentUUID": "371be840-97d2-44e7-b1af-559af9421ad2",
              "isHook": false,
              "skipped": false
            },
            {
              "title": "should display a navbar",
              "fullTitle": "Ponyracer should display a navbar",
              "timedOut": null,
              "duration": 36,
              "state": "passed",
              "speed": "fast",
              "pass": true,
              "fail": false,
              "pending": false,
              "context": null,
              "code": "cy.visit('/');\ncy.get(navbarBrand).contains('PonyRacer').should('have.attr', 'href', '/');\ncy.get(navbarLink).should('not.exist');",
              "err": {},
              "uuid": "ff70cbae-25e4-4e32-8201-32b21a992d9f",
              "parentUUID": "371be840-97d2-44e7-b1af-559af9421ad2",
              "isHook": false,
              "skipped": false
            },
            {
              "title": "should display a navbar collapsed on small screen",
              "fullTitle": "Ponyracer should display a navbar collapsed on small screen",
              "timedOut": null,
              "duration": 119,
              "state": "passed",
              "speed": "fast",
              "pass": true,
              "fail": false,
              "pending": false,
              "context": null,
              "code": "storeUserInLocalStorage();\ncy.viewport('iphone-6+');\ncy.visit('/');\ncy.contains(navbarBrand, 'PonyRacer');\ncy.get(navbarLink).should('not.be.visible');\n// toggle the navbar\ncy.get('.navbar-toggler').click();\ncy.get(navbarLink).should('be.visible');",
              "err": {},
              "uuid": "bcb6deef-76a9-41dc-8928-90748539a3d5",
              "parentUUID": "371be840-97d2-44e7-b1af-559af9421ad2",
              "isHook": false,
              "skipped": false
            },
            {
              "title": "should display the logged in user in navbar and a different home",
              "fullTitle": "Ponyracer should display the logged in user in navbar and a different home",
              "timedOut": null,
              "duration": 39,
              "state": "passed",
              "speed": "fast",
              "pass": true,
              "fail": false,
              "pending": false,
              "context": null,
              "code": "storeUserInLocalStorage();\ncy.visit('/');\ncy.get(navbarLink).contains('Races').should('have.attr', 'href', '/races');\ncy.get('#current-user').should('contain', 'cedric').and('contain', '1000');\ncy.get('.btn-primary').contains('Races').should('have.attr', 'href', '/races');",
              "err": {},
              "uuid": "9043a6db-44bd-417a-890d-33fa72e0758d",
              "parentUUID": "371be840-97d2-44e7-b1af-559af9421ad2",
              "isHook": false,
              "skipped": false
            },
            {
              "title": "should log out the user",
              "fullTitle": "Ponyracer should log out the user",
              "timedOut": null,
              "duration": 147,
              "state": "passed",
              "speed": "fast",
              "pass": true,
              "fail": false,
              "pending": false,
              "context": null,
              "code": "storeUserInLocalStorage();\ncy.visit('/races');\ncy.wait('@getRaces');\n// user stored should be displayed\ncy.get('#current-user').should('contain', 'cedric').and('contain', '1000');\n// logout\ncy.get('span.fa.fa-power-off').click();\n// should be redirected to home page\ncy.location('pathname')\n    .should('eq', '/')\n    // and localStorage should be clean\n    .and(() => expect(localStorage.getItem('rememberMe')).to.eq(null));\ncy.get(navbarLink).should('not.exist');\n// user is not displayed in navbar\ncy.get('#current-user').should('not.exist');\n// and home page offers the login link\ncy.get('.btn-primary').contains('Login').should('have.attr', 'href', '/login');",
              "err": {},
              "uuid": "b603dfa6-8fd2-4b69-a285-c0e6e3330674",
              "parentUUID": "371be840-97d2-44e7-b1af-559af9421ad2",
              "isHook": false,
              "skipped": false
            },
            {
              "title": "should animate the transition when the user logs out",
              "fullTitle": "Ponyracer should animate the transition when the user logs out",
              "timedOut": null,
              "duration": 587,
              "state": "passed",
              "speed": "fast",
              "pass": true,
              "fail": false,
              "pending": false,
              "context": null,
              "code": "storeUserInLocalStorage();\ncy.visit('/');\n// user stored should be displayed\ncy.get('#current-user').should('contain', 'cedric').and('contain', '1000');\n// logout\ncy.get('span.fa.fa-power-off').click();\n// beginning of the transition\ncy.contains('Races').parent().should('have.class', 'fade-leave-active');\n// end of the transition\ncy.contains('Login').parent().should('have.class', 'fade-enter-active');\n// should still be on the home page\ncy.location('pathname')\n    .should('eq', '/')\n    // and localStorage should be clean\n    .and(() => expect(localStorage.getItem('rememberMe')).to.eq(null));\ncy.get(navbarLink).should('not.exist');\n// user is not displayed in navbar\ncy.get('#current-user').should('not.exist');",
              "err": {},
              "uuid": "70a692b1-655d-432f-bfa4-278bb17188fc",
              "parentUUID": "371be840-97d2-44e7-b1af-559af9421ad2",
              "isHook": false,
              "skipped": false
            }
          ],
          "suites": [],
          "passes": [
            "cb70f78d-9f11-4bf7-9f06-54ae88654f96",
            "ff70cbae-25e4-4e32-8201-32b21a992d9f",
            "bcb6deef-76a9-41dc-8928-90748539a3d5",
            "9043a6db-44bd-417a-890d-33fa72e0758d",
            "b603dfa6-8fd2-4b69-a285-c0e6e3330674",
            "70a692b1-655d-432f-bfa4-278bb17188fc"
          ],
          "failures": [],
          "pending": [],
          "skipped": [],
          "duration": 1002,
          "root": false,
          "rootEmpty": false,
          "_timeout": 2000
        }
      ],
      "passes": [],
      "failures": [],
      "pending": [],
      "skipped": [],
      "duration": 0,
      "root": true,
      "rootEmpty": true,
      "_timeout": 2000
    }
  ],
  "meta": {
    "mocha": {
      "version": "7.0.1"
    },
    "mochawesome": {
      "options": {
        "quiet": false,
        "reportFilename": "mochawesome",
        "saveHtml": false,
        "saveJson": true,
        "consoleReporter": "spec",
        "useInlineDiffs": false,
        "code": true
      },
      "version": "7.1.3"
    },
    "marge": {
      "options": {
        "reportDir": "results/mochawesome",
        "overwrite": false,
        "html": false,
        "json": true
      },
      "version": "6.2.0"
    }
  }
}