{
  "stats": {
    "suites": 1,
    "tests": 3,
    "passes": 3,
    "pending": 0,
    "failures": 0,
    "start": "2025-07-06T14:57:45.740Z",
    "end": "2025-07-06T14:57:47.514Z",
    "duration": 1774,
    "testsRegistered": 3,
    "passPercent": 100,
    "pendingPercent": 0,
    "other": 0,
    "hasOther": false,
    "skipped": 0,
    "hasSkipped": false
  },
  "results": [
    {
      "uuid": "2321a0c7-97cb-4374-8f72-035475c2567a",
      "title": "",
      "fullFile": "cypress/e2e/live.cy.ts",
      "file": "cypress/e2e/live.cy.ts",
      "beforeHooks": [],
      "afterHooks": [],
      "tests": [],
      "suites": [
        {
          "uuid": "3072e86a-4d02-4aba-ad67-07534f89082b",
          "title": "Live",
          "fullFile": "",
          "file": "",
          "beforeHooks": [],
          "afterHooks": [],
          "tests": [
            {
              "title": "should display a pending live race",
              "fullTitle": "Live should display a pending live race",
              "timedOut": null,
              "duration": 306,
              "state": "passed",
              "speed": "fast",
              "pass": true,
              "fail": false,
              "pending": false,
              "context": null,
              "code": "storeUserInLocalStorage();\ncy.visit('/races');\ncy.wait('@getRaces');\n// go to bet page for the first race\ncy.get('.btn-primary').first().click();\ncy.wait('@getRace');\n// bet on first pony\ncy.get('img').first().click();\ncy.wait('@betRace');\n// emulate a pending race\ncy.intercept('GET', 'api/races/12', {\n    ...race,\n    betPonyId: 2,\n    status: 'PENDING'\n}).as('getPendingRace');\n// go to live\ncy.get('.btn-primary').first().click();\ncy.location('pathname').should('eq', '/races/12/live');\ncy.wait('@getPendingRace');\n// race detail should be displayed\ncy.get('h1').should('contain', 'Paris');\ncy.get('p').should('contain', 'ago');\ncy.get('img').should('have.length', 5);\ncy.get('.selected').should('have.length', 1);",
              "err": {},
              "uuid": "e4f5dc52-181a-4bb8-bba2-78c7b9178e0b",
              "parentUUID": "3072e86a-4d02-4aba-ad67-07534f89082b",
              "isHook": false,
              "skipped": false
            },
            {
              "title": "should display a running live race",
              "fullTitle": "Live should display a running live race",
              "timedOut": null,
              "duration": 724,
              "state": "passed",
              "speed": "fast",
              "pass": true,
              "fail": false,
              "pending": false,
              "context": null,
              "code": "storeUserInLocalStorage();\nconst { fakeWS, wsOptions } = buildFakeWS();\ncy.visit('/races', wsOptions);\ncy.wait('@getRaces');\n// go to bet page for the first race\ncy.get('.btn-primary').first().click();\ncy.wait('@getRace');\n// bet on first pony\ncy.get('img').first().click();\ncy.wait('@betRace');\n// emulate a running race\ncy.intercept('GET', 'api/races/12', {\n    ...race,\n    betPonyId: 2,\n    status: 'RUNNING'\n}).as('getRunningRace');\n// go to live\ncy.get('.btn-primary').first().click();\ncy.location('pathname').should('eq', '/races/12/live');\ncy.wait('@getRunningRace');\n// eslint-disable-next-line cypress/no-unnecessary-waiting\ncy.wait(400);\n// WebSocket connection created\ncy.get('@ws')\n    .should('be.called')\n    .then(() => fakeWS.emulateRace({\n    ponies: [\n        { id: 1, name: 'Gentle Pie', color: 'YELLOW', position: 30 },\n        { id: 2, name: 'Big Soda', color: 'ORANGE', position: 80 },\n        { id: 3, name: 'Gentle Bottle', color: 'PURPLE', position: 70 },\n        { id: 4, name: 'Superb Whiskey', color: 'GREEN', position: 60 },\n        { id: 5, name: 'Fast Rainbow', color: 'BLUE', position: 30 }\n    ],\n    status: 'RUNNING'\n}));\n// running ponies should be displayed\ncy.get('h1').should('contain', 'Paris');\ncy.get('img').should('have.length', 5);\ncy.get('figure').parent().should('have.attr', 'style').and('include', 'margin-left: 25%;');\ncy.get('.selected')\n    .should('have.length', 1)\n    .then(() => fakeWS.emulateRace({\n    ponies: [\n        { id: 1, name: 'Gentle Pie', color: 'YELLOW', position: 50 },\n        { id: 2, name: 'Big Soda', color: 'ORANGE', position: 90 },\n        { id: 3, name: 'Gentle Bottle', color: 'PURPLE', position: 70 },\n        { id: 4, name: 'Superb Whiskey', color: 'GREEN', position: 65 },\n        { id: 5, name: 'Fast Rainbow', color: 'BLUE', position: 30 }\n    ],\n    status: 'RUNNING'\n}));\ncy.get('img').should('have.length', 5);\ncy.get('figure').parent().should('have.attr', 'style').and('include', 'margin-left: 45%;');",
              "err": {},
              "uuid": "d7e716c0-28cd-4fc8-bfca-d34c28fec391",
              "parentUUID": "3072e86a-4d02-4aba-ad67-07534f89082b",
              "isHook": false,
              "skipped": false
            },
            {
              "title": "should display a finished live race",
              "fullTitle": "Live should display a finished live race",
              "timedOut": null,
              "duration": 704,
              "state": "passed",
              "speed": "fast",
              "pass": true,
              "fail": false,
              "pending": false,
              "context": null,
              "code": "storeUserInLocalStorage();\nconst { fakeWS, wsOptions } = buildFakeWS();\ncy.visit('/races', wsOptions);\ncy.wait('@getRaces');\n// go to bet page for the first race\ncy.get('.btn-primary').first().click();\ncy.wait('@getRace');\n// bet on first pony\ncy.get('img').first().click();\ncy.wait('@betRace');\n// emulate a finished race\ncy.intercept('GET', 'api/races/12', {\n    ...race,\n    betPonyId: 2,\n    status: 'RUNNING'\n}).as('getRunningRace');\n// go to live\ncy.get('.btn-primary').first().click();\ncy.location('pathname').should('eq', '/races/12/live');\ncy.wait('@getRunningRace');\n// eslint-disable-next-line cypress/no-unnecessary-waiting\ncy.wait(400);\n// WebSocket connection created\ncy.get('@ws')\n    .should('be.called')\n    // and emulate a finished race\n    .then(() => fakeWS.emulateRace({\n    ponies: [\n        { id: 1, name: 'Gentle Pie', color: 'YELLOW', position: 30 },\n        { id: 2, name: 'Big Soda', color: 'ORANGE', position: 100 },\n        { id: 3, name: 'Gentle Bottle', color: 'PURPLE', position: 70 },\n        { id: 4, name: 'Superb Whiskey', color: 'GREEN', position: 60 },\n        { id: 5, name: 'Fast Rainbow', color: 'BLUE', position: 30 }\n    ],\n    status: 'FINISHED'\n}));\n// victorious pony should be displayed\ncy.get('h1').should('contain', 'Paris');\ncy.get('img').should('have.length', 1);\ncy.get('.selected').should('have.length', 1);\ncy.get('.alert.alert-success').should('have.text', 'You won your bet!');",
              "err": {},
              "uuid": "17b969d8-d18f-41b3-aa81-4670b3024896",
              "parentUUID": "3072e86a-4d02-4aba-ad67-07534f89082b",
              "isHook": false,
              "skipped": false
            }
          ],
          "suites": [],
          "passes": [
            "e4f5dc52-181a-4bb8-bba2-78c7b9178e0b",
            "d7e716c0-28cd-4fc8-bfca-d34c28fec391",
            "17b969d8-d18f-41b3-aa81-4670b3024896"
          ],
          "failures": [],
          "pending": [],
          "skipped": [],
          "duration": 1734,
          "root": false,
          "rootEmpty": false,
          "_timeout": 2000
        }
      ],
      "passes": [],
      "failures": [],
      "pending": [],
      "skipped": [],
      "duration": 0,
      "root": true,
      "rootEmpty": true,
      "_timeout": 2000
    }
  ],
  "meta": {
    "mocha": {
      "version": "7.0.1"
    },
    "mochawesome": {
      "options": {
        "quiet": false,
        "reportFilename": "mochawesome",
        "saveHtml": false,
        "saveJson": true,
        "consoleReporter": "spec",
        "useInlineDiffs": false,
        "code": true
      },
      "version": "7.1.3"
    },
    "marge": {
      "options": {
        "reportDir": "results/mochawesome",
        "overwrite": false,
        "html": false,
        "json": true
      },
      "version": "6.2.0"
    }
  }
}