{
  "stats": {
    "suites": 1,
    "tests": 4,
    "passes": 4,
    "pending": 0,
    "failures": 0,
    "start": "2025-07-07T15:37:52.238Z",
    "end": "2025-07-07T15:37:53.450Z",
    "duration": 1212,
    "testsRegistered": 4,
    "passPercent": 100,
    "pendingPercent": 0,
    "other": 0,
    "hasOther": false,
    "skipped": 0,
    "hasSkipped": false
  },
  "results": [
    {
      "uuid": "f00e4582-f158-44a3-8555-d31c52090084",
      "title": "",
      "fullFile": "cypress/e2e/races.cy.ts",
      "file": "cypress/e2e/races.cy.ts",
      "beforeHooks": [],
      "afterHooks": [],
      "tests": [],
      "suites": [
        {
          "uuid": "0a6a6215-e8ab-4244-be98-55ca1213db01",
          "title": "Races",
          "fullFile": "",
          "file": "",
          "beforeHooks": [],
          "afterHooks": [],
          "tests": [
            {
              "title": "should display a list of pending races by default",
              "fullTitle": "Races should display a list of pending races by default",
              "timedOut": null,
              "duration": 121,
              "state": "passed",
              "speed": "fast",
              "pass": true,
              "fail": false,
              "pending": false,
              "context": null,
              "code": "cy.visit('/races');\n// should redirect to home page as the user is not logged\ncy.location('pathname')\n    .should('eq', '/')\n    .then(\n// log the user and try again\n() => storeUserInLocalStorage());\ncy.visit('/races');\n// loading\ncy.contains('div', 'Loading');\ncy.location('pathname').should('eq', '/races/pending');\ncy.wait('@getPendingRaces');\ncy.get('h2').should('have.length', 2);\ncy.get('p').should('have.length', 2).and('contain', 'ago');\ncy.get('div.alert').should('not.exist');",
              "err": {},
              "uuid": "5084d9a1-a480-4feb-b657-59ffb5dbe8d8",
              "parentUUID": "0a6a6215-e8ab-4244-be98-55ca1213db01",
              "isHook": false,
              "skipped": false
            },
            {
              "title": "should display a loading error",
              "fullTitle": "Races should display a loading error",
              "timedOut": null,
              "duration": 560,
              "state": "passed",
              "speed": "fast",
              "pass": true,
              "fail": false,
              "pending": false,
              "context": null,
              "code": "storeUserInLocalStorage();\n// override the response to have an error\ncy.intercept('GET', 'api/races?status=PENDING', {\n    statusCode: 404,\n    delay: 500\n}).as('getRacesError');\ncy.visit('/races');\n// loading\ncy.contains('div', 'Loading');\ncy.wait('@getRacesError');\ncy.contains('div.alert', 'An error occurred while loading');",
              "err": {},
              "uuid": "e6a44aff-7ac8-44cb-a4c0-541781347eaf",
              "parentUUID": "0a6a6215-e8ab-4244-be98-55ca1213db01",
              "isHook": false,
              "skipped": false
            },
            {
              "title": "should display ponies",
              "fullTitle": "Races should display ponies",
              "timedOut": null,
              "duration": 71,
              "state": "passed",
              "speed": "fast",
              "pass": true,
              "fail": false,
              "pending": false,
              "context": null,
              "code": "storeUserInLocalStorage();\ncy.visit('/races');\ncy.wait('@getPendingRaces');\ncy.get('figure').should('have.length', 10);\ncy.get('img').should('have.length', 10);\ncy.get('figcaption').should('have.length', 10);",
              "err": {},
              "uuid": "4e5f748d-22b9-4e61-893b-b2f63edbe54e",
              "parentUUID": "0a6a6215-e8ab-4244-be98-55ca1213db01",
              "isHook": false,
              "skipped": false
            },
            {
              "title": "should display a list of finished races in another tab",
              "fullTitle": "Races should display a list of finished races in another tab",
              "timedOut": null,
              "duration": 390,
              "state": "passed",
              "speed": "fast",
              "pass": true,
              "fail": false,
              "pending": false,
              "context": null,
              "code": "storeUserInLocalStorage();\ncy.visit('/races/pending');\ncy.wait('@getPendingRaces');\nconst pendingRacesTab = () => cy.get('.nav-tabs .nav-link').first();\nconst finishedRacesTab = () => cy.get('.nav-tabs .nav-link').eq(1);\npendingRacesTab().should('have.class', 'active').and('contain', 'Pending races');\nfinishedRacesTab().should('not.have.class', 'active').and('contain', 'Finished races');\nfinishedRacesTab().click();\ncy.location('pathname').should('eq', '/races/finished');\ncy.wait('@getFinishedRaces');\npendingRacesTab().should('not.have.class', 'active');\nfinishedRacesTab().should('have.class', 'active');\ncy.get('h2').should('have.length', 10);\ncy.get('h2').first().should('contain', 'Tokyo 0');\ncy.get('p').should('have.length', 10);\ncy.get('p').first().should('contain', 'ago');\n// when we click on the third page\ncy.get('.pagination .page').eq(2).click();\n// then the URL contains the page number\ncy.location('search').should('eq', '?page=3');\n// and the page should display the correct races\ncy.get('h2').should('have.length', 10);\ncy.get('h2').first().should('contain', 'Tokyo 20');\n// when we click on next\ncy.get('.pagination .next').click();\n// then the URL contains the next page number\ncy.location('search').should('eq', '?page=4');\n// and the page should display the correct races\ncy.get('h2').should('have.length', 10);\ncy.get('h2').first().should('contain', 'Tokyo 30');\n// when we click on previous\ncy.get('.pagination .previous').click();\n// then the URL contains the previous page number\ncy.location('search').should('eq', '?page=3');",
              "err": {},
              "uuid": "616d1235-2e4d-4602-86e6-cf31803ed4ae",
              "parentUUID": "0a6a6215-e8ab-4244-be98-55ca1213db01",
              "isHook": false,
              "skipped": false
            }
          ],
          "suites": [],
          "passes": [
            "5084d9a1-a480-4feb-b657-59ffb5dbe8d8",
            "e6a44aff-7ac8-44cb-a4c0-541781347eaf",
            "4e5f748d-22b9-4e61-893b-b2f63edbe54e",
            "616d1235-2e4d-4602-86e6-cf31803ed4ae"
          ],
          "failures": [],
          "pending": [],
          "skipped": [],
          "duration": 1142,
          "root": false,
          "rootEmpty": false,
          "_timeout": 2000
        }
      ],
      "passes": [],
      "failures": [],
      "pending": [],
      "skipped": [],
      "duration": 0,
      "root": true,
      "rootEmpty": true,
      "_timeout": 2000
    }
  ],
  "meta": {
    "mocha": {
      "version": "7.0.1"
    },
    "mochawesome": {
      "options": {
        "quiet": false,
        "reportFilename": "mochawesome",
        "saveHtml": false,
        "saveJson": true,
        "consoleReporter": "spec",
        "useInlineDiffs": false,
        "code": true
      },
      "version": "7.1.3"
    },
    "marge": {
      "options": {
        "reportDir": "results/mochawesome",
        "overwrite": false,
        "html": false,
        "json": true
      },
      "version": "6.2.0"
    }
  }
}