{
  "stats": {
    "suites": 1,
    "tests": 3,
    "passes": 3,
    "pending": 0,
    "failures": 0,
    "start": "2025-07-07T11:55:38.733Z",
    "end": "2025-07-07T11:55:41.543Z",
    "duration": 2810,
    "testsRegistered": 3,
    "passPercent": 100,
    "pendingPercent": 0,
    "other": 0,
    "hasOther": false,
    "skipped": 0,
    "hasSkipped": false
  },
  "results": [
    {
      "uuid": "62572b3b-2f1f-4179-97ba-d45bad780d41",
      "title": "",
      "fullFile": "cypress/e2e/live.cy.ts",
      "file": "cypress/e2e/live.cy.ts",
      "beforeHooks": [],
      "afterHooks": [],
      "tests": [],
      "suites": [
        {
          "uuid": "9ef5e766-7b86-4a73-af65-10123bf3b423",
          "title": "Live",
          "fullFile": "",
          "file": "",
          "beforeHooks": [],
          "afterHooks": [],
          "tests": [
            {
              "title": "should display a pending live race",
              "fullTitle": "Live should display a pending live race",
              "timedOut": null,
              "duration": 316,
              "state": "passed",
              "speed": "fast",
              "pass": true,
              "fail": false,
              "pending": false,
              "context": null,
              "code": "storeUserInLocalStorage();\ncy.visit('/races');\ncy.wait('@getRaces');\n// go to bet page for the first race\ncy.get('.btn-primary').first().click();\ncy.wait('@getRace');\n// bet on first pony\ncy.get('img').first().click();\ncy.wait('@betRace');\n// emulate a pending race\ncy.intercept('GET', 'api/races/12', {\n    ...race,\n    betPonyId: 2,\n    status: 'PENDING'\n}).as('getPendingRace');\n// go to live\ncy.get('.btn-primary').first().click();\ncy.location('pathname').should('eq', '/races/12/live');\ncy.wait('@getPendingRace');\n// race detail should be displayed\ncy.get('h1').should('contain', 'Paris');\ncy.get('p').should('contain', 'ago');\ncy.get('img').should('have.length', 5);\ncy.get('.selected').should('have.length', 1);",
              "err": {},
              "uuid": "9293908f-4c7f-4ed8-a8c1-744e042e4d18",
              "parentUUID": "9ef5e766-7b86-4a73-af65-10123bf3b423",
              "isHook": false,
              "skipped": false
            },
            {
              "title": "should display a running live race and boost a pony",
              "fullTitle": "Live should display a running live race and boost a pony",
              "timedOut": null,
              "duration": 1724,
              "state": "passed",
              "speed": "fast",
              "pass": true,
              "fail": false,
              "pending": false,
              "context": null,
              "code": "storeUserInLocalStorage();\nconst { fakeWS, wsOptions } = buildFakeWS();\ncy.visit('/races', wsOptions);\ncy.wait('@getRaces');\n// go to bet page for the first race\ncy.get('.btn-primary').first().click();\ncy.wait('@getRace');\n// bet on first pony\ncy.get('img').first().click();\ncy.wait('@betRace');\n// emulate a running race\ncy.intercept('GET', 'api/races/12', {\n    ...race,\n    betPonyId: 2,\n    status: 'RUNNING'\n}).as('getRunningRace');\n// go to live\ncy.get('.btn-primary').first().click();\ncy.location('pathname').should('eq', '/races/12/live');\ncy.wait('@getRunningRace');\n// eslint-disable-next-line cypress/no-unnecessary-waiting\ncy.wait(400);\n// WebSocket connection created\ncy.get('@ws')\n    .should('be.called')\n    .then(() => fakeWS.emulateRace({\n    ponies: [\n        { id: 1, name: 'Gentle Pie', color: 'YELLOW', position: 30 },\n        { id: 2, name: 'Big Soda', color: 'ORANGE', position: 80 },\n        { id: 3, name: 'Gentle Bottle', color: 'PURPLE', position: 70 },\n        { id: 4, name: 'Superb Whiskey', color: 'GREEN', position: 60 },\n        { id: 5, name: 'Fast Rainbow', color: 'BLUE', position: 30 }\n    ],\n    status: 'RUNNING'\n}));\n// running ponies should be displayed\ncy.get('h1').should('contain', 'Paris');\ncy.get('img').should('have.length', 5);\ncy.get('figure').parent().should('have.attr', 'style').and('include', 'margin-left: 25%;');\ncy.get('.selected')\n    .should('have.length', 1)\n    .then(() => fakeWS.emulateRace({\n    ponies: [\n        { id: 1, name: 'Gentle Pie', color: 'YELLOW', position: 50 },\n        { id: 2, name: 'Big Soda', color: 'ORANGE', position: 90 },\n        { id: 3, name: 'Gentle Bottle', color: 'PURPLE', position: 70 },\n        { id: 4, name: 'Superb Whiskey', color: 'GREEN', position: 65 },\n        { id: 5, name: 'Fast Rainbow', color: 'BLUE', position: 30 }\n    ],\n    status: 'RUNNING'\n}));\ncy.get('img').should('have.length', 5);\ncy.get('figure')\n    .parent()\n    .should('have.attr', 'style')\n    .and('include', 'margin-left: 45%;')\n    .then(() => fakeWS.emulateRace({\n    ponies: [\n        { id: 1, name: 'Gentle Pie', color: 'YELLOW', position: 60, boosted: true },\n        { id: 2, name: 'Big Soda', color: 'ORANGE', position: 90 },\n        { id: 3, name: 'Gentle Bottle', color: 'PURPLE', position: 70 },\n        { id: 4, name: 'Superb Whiskey', color: 'GREEN', position: 65 },\n        { id: 5, name: 'Fast Rainbow', color: 'BLUE', position: 30 }\n    ],\n    status: 'RUNNING'\n}));\n// boost the first pony\n// eslint-disable-next-line cypress/no-unnecessary-waiting\ncy.wait(500);\n// eslint-disable-next-line cypress/unsafe-to-chain-command\ncy.get('img').first().click().click().click().click().click().click();\ncy.wait('@boostPony').its('request.body').should('contain', { ponyId: 1 });\ncy.get('img').should('have.attr', 'src').and('include', '-rainbow.gif');",
              "err": {},
              "uuid": "35ad1657-0a5b-491b-a46c-a1a0480bffd1",
              "parentUUID": "9ef5e766-7b86-4a73-af65-10123bf3b423",
              "isHook": false,
              "skipped": false
            },
            {
              "title": "should display a finished live race",
              "fullTitle": "Live should display a finished live race",
              "timedOut": null,
              "duration": 715,
              "state": "passed",
              "speed": "fast",
              "pass": true,
              "fail": false,
              "pending": false,
              "context": null,
              "code": "storeUserInLocalStorage();\nconst { fakeWS, wsOptions } = buildFakeWS();\ncy.visit('/races', wsOptions);\ncy.wait('@getRaces');\n// go to bet page for the first race\ncy.get('.btn-primary').first().click();\ncy.wait('@getRace');\n// bet on first pony\ncy.get('img').first().click();\ncy.wait('@betRace');\n// emulate a finished race\ncy.intercept('GET', 'api/races/12', {\n    ...race,\n    betPonyId: 2,\n    status: 'RUNNING'\n}).as('getRunningRace');\n// go to live\ncy.get('.btn-primary').first().click();\ncy.location('pathname').should('eq', '/races/12/live');\ncy.wait('@getRunningRace');\n// eslint-disable-next-line cypress/no-unnecessary-waiting\ncy.wait(400);\n// WebSocket connection created\ncy.get('@ws')\n    .should('be.called')\n    // and emulate a finished race\n    .then(() => fakeWS.emulateRace({\n    ponies: [\n        { id: 1, name: 'Gentle Pie', color: 'YELLOW', position: 30 },\n        { id: 2, name: 'Big Soda', color: 'ORANGE', position: 100 },\n        { id: 3, name: 'Gentle Bottle', color: 'PURPLE', position: 70 },\n        { id: 4, name: 'Superb Whiskey', color: 'GREEN', position: 60 },\n        { id: 5, name: 'Fast Rainbow', color: 'BLUE', position: 30 }\n    ],\n    status: 'FINISHED'\n}));\n// victorious pony should be displayed\ncy.get('h1').should('contain', 'Paris');\ncy.get('img').should('have.length', 1);\ncy.get('.selected').should('have.length', 1);\ncy.get('.alert.alert-success').should('have.text', 'You won your bet!');",
              "err": {},
              "uuid": "b8cdaf05-5b7c-4c81-b2f9-8412f9067bf5",
              "parentUUID": "9ef5e766-7b86-4a73-af65-10123bf3b423",
              "isHook": false,
              "skipped": false
            }
          ],
          "suites": [],
          "passes": [
            "9293908f-4c7f-4ed8-a8c1-744e042e4d18",
            "35ad1657-0a5b-491b-a46c-a1a0480bffd1",
            "b8cdaf05-5b7c-4c81-b2f9-8412f9067bf5"
          ],
          "failures": [],
          "pending": [],
          "skipped": [],
          "duration": 2755,
          "root": false,
          "rootEmpty": false,
          "_timeout": 2000
        }
      ],
      "passes": [],
      "failures": [],
      "pending": [],
      "skipped": [],
      "duration": 0,
      "root": true,
      "rootEmpty": true,
      "_timeout": 2000
    }
  ],
  "meta": {
    "mocha": {
      "version": "7.0.1"
    },
    "mochawesome": {
      "options": {
        "quiet": false,
        "reportFilename": "mochawesome",
        "saveHtml": false,
        "saveJson": true,
        "consoleReporter": "spec",
        "useInlineDiffs": false,
        "code": true
      },
      "version": "7.1.3"
    },
    "marge": {
      "options": {
        "reportDir": "results/mochawesome",
        "overwrite": false,
        "html": false,
        "json": true
      },
      "version": "6.2.0"
    }
  }
}