{
  "stats": {
    "suites": 1,
    "tests": 2,
    "passes": 2,
    "pending": 0,
    "failures": 0,
    "start": "2025-07-05T17:31:10.357Z",
    "end": "2025-07-05T17:31:11.570Z",
    "duration": 1213,
    "testsRegistered": 2,
    "passPercent": 100,
    "pendingPercent": 0,
    "other": 0,
    "hasOther": false,
    "skipped": 0,
    "hasSkipped": false
  },
  "results": [
    {
      "uuid": "9437ce74-8d26-47b2-b670-f9d8bda0989a",
      "title": "",
      "fullFile": "cypress/e2e/login.cy.ts",
      "file": "cypress/e2e/login.cy.ts",
      "beforeHooks": [],
      "afterHooks": [],
      "tests": [],
      "suites": [
        {
          "uuid": "bad310e3-2954-49ad-a7cd-74dbcbb8726e",
          "title": "Login",
          "fullFile": "",
          "file": "",
          "beforeHooks": [],
          "afterHooks": [],
          "tests": [
            {
              "title": "should display a login page",
              "fullTitle": "Login should display a login page",
              "timedOut": null,
              "duration": 752,
              "state": "passed",
              "speed": "fast",
              "pass": true,
              "fail": false,
              "pending": false,
              "context": null,
              "code": "cy.visit('/login');\ncy.get('button').should('be.visible').and('be.disabled');\nloginInput().type('c');\nloginInput().clear();\nerrorMessage().should('be.visible').and('contain', 'The login is required');\nloginInput().type('ced');\nerrorMessage().should('not.exist');\npasswordInput().type('p');\npasswordInput().clear();\nerrorMessage().should('be.visible').and('contain', 'The password is required');\npasswordInput().type('pa');\nerrorMessage().should('not.exist');\nsubmitButton().click();\ncy.wait('@authenticateUser');\ncy.location('pathname').should('eq', '/');",
              "err": {},
              "uuid": "fea82270-32c5-4eb5-8e21-cff35c880e2c",
              "parentUUID": "bad310e3-2954-49ad-a7cd-74dbcbb8726e",
              "isHook": false,
              "skipped": false
            },
            {
              "title": "should display an alert if login fails",
              "fullTitle": "Login should display an alert if login fails",
              "timedOut": null,
              "duration": 415,
              "state": "passed",
              "speed": "fast",
              "pass": true,
              "fail": false,
              "pending": false,
              "context": null,
              "code": "cy.visit('/login');\ncy.intercept('POST', 'api/users/authentication', {\n    statusCode: 404\n}).as('failedAuthenticateUser');\nloginInput().type('ced');\npasswordInput().type('pa');\nsubmitButton().click();\ncy.wait('@failedAuthenticateUser');\ncy.location('pathname').should('eq', '/login');\ncy.get('.alert-danger').should('contain', 'Nope, try again');",
              "err": {},
              "uuid": "704b80ad-5a28-434f-a39e-f32f0418779d",
              "parentUUID": "bad310e3-2954-49ad-a7cd-74dbcbb8726e",
              "isHook": false,
              "skipped": false
            }
          ],
          "suites": [],
          "passes": [
            "fea82270-32c5-4eb5-8e21-cff35c880e2c",
            "704b80ad-5a28-434f-a39e-f32f0418779d"
          ],
          "failures": [],
          "pending": [],
          "skipped": [],
          "duration": 1167,
          "root": false,
          "rootEmpty": false,
          "_timeout": 2000
        }
      ],
      "passes": [],
      "failures": [],
      "pending": [],
      "skipped": [],
      "duration": 0,
      "root": true,
      "rootEmpty": true,
      "_timeout": 2000
    }
  ],
  "meta": {
    "mocha": {
      "version": "7.0.1"
    },
    "mochawesome": {
      "options": {
        "quiet": false,
        "reportFilename": "mochawesome",
        "saveHtml": false,
        "saveJson": true,
        "consoleReporter": "spec",
        "useInlineDiffs": false,
        "code": true
      },
      "version": "7.1.3"
    },
    "marge": {
      "options": {
        "reportDir": "results/mochawesome",
        "overwrite": false,
        "html": false,
        "json": true
      },
      "version": "6.2.0"
    }
  }
}