{"numTotalTestSuites":14,"numPassedTestSuites":14,"numFailedTestSuites":0,"numPendingTestSuites":0,"numTotalTests":10,"numPassedTests":10,"numFailedTests":0,"numPendingTests":0,"numTodoTests":0,"snapshot":{"added":0,"failure":false,"filesAdded":0,"filesRemoved":0,"filesRemovedList":[],"filesUnmatched":0,"filesUpdated":0,"matched":0,"total":0,"unchecked":0,"uncheckedKeysByFile":[],"unmatched":0,"updated":0,"didUpdate":false},"startTime":1749507942861,"success":true,"testResults":[{"assertionResults":[{"ancestorTitles":["App.vue"],"fullName":"App.vue renders a title","status":"passed","title":"renders a title","duration":20.46183400000018,"failureMessages":[],"meta":{}},{"ancestorTitles":["App.vue"],"fullName":"App.vue renders the navbar","status":"passed","title":"renders the navbar","duration":3.7822499999999764,"failureMessages":[],"meta":{}},{"ancestorTitles":["App.vue"],"fullName":"App.vue renders the races list","status":"passed","title":"renders the races list","duration":2.641499999999951,"failureMessages":[],"meta":{}}],"startTime":1749507944260,"endTime":1749507944286.6416,"status":"passed","message":"","name":"/Users/mikael/projects/ponyracer/src/__tests__/App.spec.ts"},{"assertionResults":[{"ancestorTitles":["Navbar.vue"],"fullName":"Navbar.vue should toggle the class on click","status":"passed","title":"should toggle the class on click","duration":14.852249999999913,"failureMessages":[],"meta":{}}],"startTime":1749507943622,"endTime":1749507943636.8523,"status":"passed","message":"","name":"/Users/mikael/projects/ponyracer/src/components/__tests__/Navbar.spec.ts"},{"assertionResults":[{"ancestorTitles":["Pony.vue"],"fullName":"Pony.vue should display an image and a legend","status":"passed","title":"should display an image and a legend","duration":12.752790999999888,"failureMessages":[],"meta":{}},{"ancestorTitles":["Pony.vue"],"fullName":"Pony.vue should emit an event on click","status":"passed","title":"should emit an event on click","duration":2.843165999999883,"failureMessages":[],"meta":{}}],"startTime":1749507943622,"endTime":1749507943637.8433,"status":"passed","message":"","name":"/Users/mikael/projects/ponyracer/src/components/__tests__/Pony.spec.ts"},{"assertionResults":[{"ancestorTitles":["Race.vue"],"fullName":"Race.vue should display a race name and its ponies","status":"passed","title":"should display a race name and its ponies","duration":16.720458000000008,"failureMessages":[],"meta":{}}],"startTime":1749507944252,"endTime":1749507944268.7205,"status":"passed","message":"","name":"/Users/mikael/projects/ponyracer/src/components/__tests__/Race.spec.ts"},{"assertionResults":[{"ancestorTitles":["useRaceService"],"fullName":"useRaceService should list races","status":"passed","title":"should list races","duration":1.0022500000000036,"failureMessages":[],"meta":{}}],"startTime":1749507943424,"endTime":1749507943425.0022,"status":"passed","message":"","name":"/Users/mikael/projects/ponyracer/src/composables/__tests__/RaceService.spec.ts"},{"assertionResults":[{"ancestorTitles":["FromNow"],"fullName":"FromNow should transform a date","status":"passed","title":"should transform a date","duration":1.1510410000000775,"failureMessages":[],"meta":{}}],"startTime":1749507944212,"endTime":1749507944213.1511,"status":"passed","message":"","name":"/Users/mikael/projects/ponyracer/src/utils/__tests__/FromNow.spec.ts"},{"assertionResults":[{"ancestorTitles":["Races.vue"],"fullName":"Races.vue should display every race name in a title","status":"passed","title":"should display every race name in a title","duration":10.986916999999949,"failureMessages":[],"meta":{}}],"startTime":1749507944248,"endTime":1749507944258.9868,"status":"passed","message":"","name":"/Users/mikael/projects/ponyracer/src/views/__tests__/Races.spec.ts"}],"coverageMap":{"/Users/mikael/projects/ponyracer/src/composables/RaceService.ts":{"path":"/Users/mikael/projects/ponyracer/src/composables/RaceService.ts","statementMap":{"0":{"start":{"line":4,"column":2},"end":{"line":33,"column":null}},"1":{"start":{"line":6,"column":6},"end":{"line":31,"column":null}}},"fnMap":{"0":{"name":"useRaceService","decl":{"start":{"line":3,"column":16},"end":{"line":3,"column":33}},"loc":{"start":{"line":3,"column":33},"end":{"line":34,"column":null}}},"1":{"name":"(anonymous_1)","decl":{"start":{"line":5,"column":4},"end":{"line":5,"column":10}},"loc":{"start":{"line":5,"column":44},"end":{"line":32,"column":null}}}},"branchMap":{},"s":{"0":4,"1":4},"f":{"0":4,"1":4},"b":{}},"/Users/mikael/projects/ponyracer/src/components/Pony.vue":{"path":"/Users/mikael/projects/ponyracer/src/components/Pony.vue","statementMap":{"0":{"start":{"line":18,"column":13},"end":{"line":18,"column":null}},"1":{"start":{"line":22,"column":21},"end":{"line":22,"column":null}},"2":{"start":{"line":22,"column":36},"end":{"line":22,"column":92}},"3":{"start":{"line":23,"column":16},"end":{"line":23,"column":null}},"4":{"start":{"line":23,"column":22},"end":{"line":23,"column":null}},"5":{"start":{"line":1,"column":0},"end":{"line":1,"column":null}}},"fnMap":{"0":{"name":"(anonymous_1)","decl":{"start":{"line":22,"column":30},"end":{"line":22,"column":36}},"loc":{"start":{"line":22,"column":36},"end":{"line":22,"column":92}}},"1":{"name":"(anonymous_2)","decl":{"start":{"line":23,"column":16},"end":{"line":23,"column":22}},"loc":{"start":{"line":23,"column":22},"end":{"line":23,"column":null}}}},"branchMap":{},"s":{"0":37,"1":37,"2":37,"3":37,"4":1,"5":4},"f":{"0":37,"1":1},"b":{}},"/Users/mikael/projects/ponyracer/src/utils/FromNow.ts":{"path":"/Users/mikael/projects/ponyracer/src/utils/FromNow.ts","statementMap":{"0":{"start":{"line":4,"column":18},"end":{"line":4,"column":null}},"1":{"start":{"line":5,"column":18},"end":{"line":5,"column":null}},"2":{"start":{"line":6,"column":2},"end":{"line":6,"column":null}}},"fnMap":{"0":{"name":"fromNow","decl":{"start":{"line":3,"column":24},"end":{"line":3,"column":32}},"loc":{"start":{"line":3,"column":46},"end":{"line":7,"column":null}}}},"branchMap":{},"s":{"0":10,"1":10,"2":10},"f":{"0":10},"b":{}},"/Users/mikael/projects/ponyracer/src/components/Navbar.vue":{"path":"/Users/mikael/projects/ponyracer/src/components/Navbar.vue","statementMap":{"0":{"start":{"line":21,"column":24},"end":{"line":21,"column":null}},"1":{"start":{"line":23,"column":2},"end":{"line":23,"column":null}},"2":{"start":{"line":2,"column":7},"end":{"line":2,"column":null}},"3":{"start":{"line":3,"column":9},"end":{"line":3,"column":null}}},"fnMap":{"0":{"name":"toggleNavbar","decl":{"start":{"line":22,"column":9},"end":{"line":22,"column":24}},"loc":{"start":{"line":22,"column":24},"end":{"line":24,"column":null}}}},"branchMap":{"0":{"loc":{"start":{"line":15,"column":10},"end":{"line":4,"column":43}},"type":"binary-expr","locations":[{"start":{"line":15,"column":10},"end":{"line":15,"column":null}},{"start":{"line":15,"column":10},"end":{"line":4,"column":43}}]},"1":{"loc":{"start":{"line":5,"column":56},"end":{"line":6,"column":49}},"type":"binary-expr","locations":[{"start":{"line":5,"column":56},"end":{"line":5,"column":null}},{"start":{"line":5,"column":56},"end":{"line":6,"column":49}}]}},"s":{"0":4,"1":1,"2":2,"3":2},"f":{"0":1},"b":{"0":[5,4],"1":[5,4]}},"/Users/mikael/projects/ponyracer/src/components/Race.vue":{"path":"/Users/mikael/projects/ponyracer/src/components/Race.vue","statementMap":{"0":{"start":{"line":26,"column":21},"end":{"line":26,"column":null}},"1":{"start":{"line":26,"column":36},"end":{"line":26,"column":67}},"2":{"start":{"line":8,"column":9},"end":{"line":8,"column":null}},"3":{"start":{"line":9,"column":6},"end":{"line":10,"column":35}}},"fnMap":{"0":{"name":"(anonymous_1)","decl":{"start":{"line":26,"column":30},"end":{"line":26,"column":36}},"loc":{"start":{"line":26,"column":36},"end":{"line":26,"column":67}}}},"branchMap":{},"s":{"0":9,"1":9,"2":3,"3":35},"f":{"0":9},"b":{}},"/Users/mikael/projects/ponyracer/src/views/Races.vue":{"path":"/Users/mikael/projects/ponyracer/src/views/Races.vue","statementMap":{"0":{"start":{"line":13,"column":20},"end":{"line":13,"column":null}},"1":{"start":{"line":14,"column":14},"end":{"line":14,"column":null}},"2":{"start":{"line":16,"column":0},"end":{"line":18,"column":null}},"3":{"start":{"line":17,"column":2},"end":{"line":17,"column":null}},"4":{"start":{"line":3,"column":4},"end":{"line":3,"column":68}}},"fnMap":{"0":{"name":"(anonymous_1)","decl":{"start":{"line":16,"column":10},"end":{"line":16,"column":22}},"loc":{"start":{"line":16,"column":22},"end":{"line":18,"column":1}}}},"branchMap":{},"s":{"0":4,"1":4,"2":4,"3":4,"4":8},"f":{"0":4},"b":{}},"/Users/mikael/projects/ponyracer/src/App.vue":{"path":"/Users/mikael/projects/ponyracer/src/App.vue","statementMap":{},"fnMap":{},"branchMap":{"0":{"loc":{"start":{"line":6,"column":9},"end":{"line":4,"column":22}},"type":"binary-expr","locations":[{"start":{"line":6,"column":9},"end":{"line":6,"column":null}},{"start":{"line":6,"column":9},"end":{"line":4,"column":22}}]}},"s":{},"f":{},"b":{"0":[3,3]}}}}