{"numTotalTestSuites":6,"numPassedTestSuites":6,"numFailedTestSuites":0,"numPendingTestSuites":0,"numTotalTests":5,"numPassedTests":5,"numFailedTests":0,"numPendingTests":0,"numTodoTests":0,"snapshot":{"added":0,"failure":false,"filesAdded":0,"filesRemoved":0,"filesRemovedList":[],"filesUnmatched":0,"filesUpdated":0,"matched":0,"total":0,"unchecked":0,"uncheckedKeysByFile":[],"unmatched":0,"updated":0,"didUpdate":false},"startTime":1749320817475,"success":true,"testResults":[{"assertionResults":[{"ancestorTitles":["App.vue"],"fullName":"App.vue renders a title","status":"passed","title":"renders a title","duration":14.609416999999894,"failureMessages":[],"meta":{}},{"ancestorTitles":["App.vue"],"fullName":"App.vue renders the navbar","status":"passed","title":"renders the navbar","duration":2.5929160000000593,"failureMessages":[],"meta":{}},{"ancestorTitles":["App.vue"],"fullName":"App.vue renders the races list","status":"passed","title":"renders the races list","duration":2.2981250000000273,"failureMessages":[],"meta":{}}],"startTime":1749320818059,"endTime":1749320818078.593,"status":"passed","message":"","name":"/Users/mikael/projects/ponyracer/src/__tests__/App.spec.ts"},{"assertionResults":[{"ancestorTitles":["Navbar.vue"],"fullName":"Navbar.vue should toggle the class on click","status":"passed","title":"should toggle the class on click","duration":13.839374999999905,"failureMessages":[],"meta":{}}],"startTime":1749320818057,"endTime":1749320818070.8394,"status":"passed","message":"","name":"/Users/mikael/projects/ponyracer/src/components/__tests__/Navbar.spec.ts"},{"assertionResults":[{"ancestorTitles":["Races.vue"],"fullName":"Races.vue should display every race name in a title","status":"passed","title":"should display every race name in a title","duration":11.06337499999995,"failureMessages":[],"meta":{}}],"startTime":1749320818057,"endTime":1749320818068.0635,"status":"passed","message":"","name":"/Users/mikael/projects/ponyracer/src/views/__tests__/Races.spec.ts"}],"coverageMap":{"/Users/mikael/projects/ponyracer/src/views/Races.vue":{"path":"/Users/mikael/projects/ponyracer/src/views/Races.vue","statementMap":{"0":{"start":{"line":13,"column":18},"end":{"line":20,"column":null}},"1":{"start":{"line":16,"column":18},"end":{"line":16,"column":null}},"2":{"start":{"line":18,"column":4},"end":{"line":18,"column":null}}},"fnMap":{"0":{"name":"(anonymous_0)","decl":{"start":{"line":15,"column":2},"end":{"line":15,"column":10}},"loc":{"start":{"line":15,"column":10},"end":{"line":19,"column":null}}}},"branchMap":{},"s":{"0":2,"1":4,"2":4},"f":{"0":4},"b":{}},"/Users/mikael/projects/ponyracer/src/components/Navbar.vue":{"path":"/Users/mikael/projects/ponyracer/src/components/Navbar.vue","statementMap":{"0":{"start":{"line":22,"column":18},"end":{"line":32,"column":null}},"1":{"start":{"line":25,"column":28},"end":{"line":25,"column":null}},"2":{"start":{"line":27,"column":6},"end":{"line":27,"column":null}},"3":{"start":{"line":30,"column":4},"end":{"line":30,"column":null}},"4":{"start":{"line":2,"column":7},"end":{"line":2,"column":null}},"5":{"start":{"line":3,"column":9},"end":{"line":3,"column":null}},"6":{"start":{"line":5,"column":22},"end":{"line":5,"column":36}}},"fnMap":{"0":{"name":"(anonymous_0)","decl":{"start":{"line":24,"column":2},"end":{"line":24,"column":10}},"loc":{"start":{"line":24,"column":10},"end":{"line":31,"column":null}}},"1":{"name":"toggleNavbar","decl":{"start":{"line":26,"column":13},"end":{"line":26,"column":28}},"loc":{"start":{"line":26,"column":28},"end":{"line":28,"column":null}}},"2":{"name":"(anonymous_3)","decl":{"start":{"line":5,"column":20},"end":{"line":5,"column":22}},"loc":{"start":{"line":5,"column":22},"end":{"line":5,"column":36}}}},"branchMap":{"0":{"loc":{"start":{"line":15,"column":10},"end":{"line":4,"column":43}},"type":"binary-expr","locations":[{"start":{"line":15,"column":10},"end":{"line":15,"column":null}},{"start":{"line":15,"column":10},"end":{"line":4,"column":43}}]},"1":{"loc":{"start":{"line":5,"column":20},"end":{"line":5,"column":36}},"type":"binary-expr","locations":[{"start":{"line":5,"column":20},"end":{"line":5,"column":22}},{"start":{"line":5,"column":20},"end":{"line":5,"column":36}}]},"2":{"loc":{"start":{"line":5,"column":22},"end":{"line":5,"column":36}},"type":"binary-expr","locations":[{"start":{"line":5,"column":22},"end":{"line":5,"column":36}},{"start":{"line":5,"column":22},"end":{"line":5,"column":36}}]},"3":{"loc":{"start":{"line":5,"column":56},"end":{"line":6,"column":49}},"type":"binary-expr","locations":[{"start":{"line":5,"column":56},"end":{"line":5,"column":null}},{"start":{"line":5,"column":56},"end":{"line":6,"column":49}}]}},"s":{"0":2,"1":4,"2":1,"3":4,"4":2,"5":2,"6":1},"f":{"0":4,"1":1,"2":1},"b":{"0":[5,4],"1":[5,4],"2":[1,1],"3":[5,4]}},"/Users/mikael/projects/ponyracer/src/App.vue":{"path":"/Users/mikael/projects/ponyracer/src/App.vue","statementMap":{"0":{"start":{"line":14,"column":18},"end":{"line":21,"column":null}}},"fnMap":{},"branchMap":{"0":{"loc":{"start":{"line":6,"column":9},"end":{"line":4,"column":22}},"type":"binary-expr","locations":[{"start":{"line":6,"column":9},"end":{"line":6,"column":null}},{"start":{"line":6,"column":9},"end":{"line":4,"column":22}}]}},"s":{"0":1},"f":{},"b":{"0":[3,3]}}}}